{"/media/mike/Mike_s files/Software Engineering/AceNursing/backend/server.js": {"path":"/media/mike/Mike_s files/Software Engineering/AceNursing/backend/server.js","statementMap":{"0":{"start":{"line":1,"column":0},"end":{"line":1,"column":27}},"1":{"start":{"line":3,"column":16},"end":{"line":3,"column":34}},"2":{"start":{"line":4,"column":17},"end":{"line":4,"column":36}},"3":{"start":{"line":5,"column":13},"end":{"line":5,"column":28}},"4":{"start":{"line":6,"column":15},"end":{"line":6,"column":32}},"5":{"start":{"line":7,"column":20},"end":{"line":7,"column":42}},"6":{"start":{"line":8,"column":15},"end":{"line":8,"column":32}},"7":{"start":{"line":9,"column":18},"end":{"line":9,"column":47}},"8":{"start":{"line":10,"column":22},"end":{"line":10,"column":55}},"9":{"start":{"line":11,"column":18},"end":{"line":11,"column":49}},"10":{"start":{"line":13,"column":24},"end":{"line":13,"column":50}},"11":{"start":{"line":14,"column":45},"end":{"line":14,"column":73}},"12":{"start":{"line":15,"column":32},"end":{"line":15,"column":57}},"13":{"start":{"line":16,"column":22},"end":{"line":16,"column":59}},"14":{"start":{"line":18,"column":19},"end":{"line":18,"column":43}},"15":{"start":{"line":19,"column":22},"end":{"line":19,"column":50}},"16":{"start":{"line":20,"column":20},"end":{"line":20,"column":46}},"17":{"start":{"line":21,"column":22},"end":{"line":21,"column":50}},"18":{"start":{"line":22,"column":21},"end":{"line":22,"column":47}},"19":{"start":{"line":24,"column":12},"end":{"line":24,"column":21}},"20":{"start":{"line":25,"column":0},"end":{"line":25,"column":28}},"21":{"start":{"line":28,"column":0},"end":{"line":30,"column":1}},"22":{"start":{"line":29,"column":2},"end":{"line":29,"column":28}},"23":{"start":{"line":33,"column":0},"end":{"line":39,"column":1}},"24":{"start":{"line":34,"column":2},"end":{"line":38,"column":5}},"25":{"start":{"line":35,"column":21},"end":{"line":35,"column":75}},"26":{"start":{"line":36,"column":4},"end":{"line":36,"column":32}},"27":{"start":{"line":36,"column":18},"end":{"line":36,"column":32}},"28":{"start":{"line":37,"column":4},"end":{"line":37,"column":72}},"29":{"start":{"line":43,"column":2},"end":{"line":48,"column":3}},"30":{"start":{"line":44,"column":4},"end":{"line":44,"column":24}},"31":{"start":{"line":46,"column":4},"end":{"line":46,"column":60}},"32":{"start":{"line":47,"column":4},"end":{"line":47,"column":14}},"33":{"start":{"line":52,"column":0},"end":{"line":52,"column":75}},"34":{"start":{"line":53,"column":0},"end":{"line":53,"column":25}},"35":{"start":{"line":56,"column":0},"end":{"line":56,"column":19}},"36":{"start":{"line":57,"column":0},"end":{"line":60,"column":3}},"37":{"start":{"line":58,"column":2},"end":{"line":58,"column":40}},"38":{"start":{"line":59,"column":2},"end":{"line":59,"column":9}},"39":{"start":{"line":61,"column":0},"end":{"line":61,"column":23}},"40":{"start":{"line":64,"column":20},"end":{"line":64,"column":62}},"41":{"start":{"line":65,"column":0},"end":{"line":67,"column":1}},"42":{"start":{"line":66,"column":2},"end":{"line":66,"column":69}},"43":{"start":{"line":69,"column":0},"end":{"line":76,"column":2}},"44":{"start":{"line":79,"column":22},"end":{"line":84,"column":2}},"45":{"start":{"line":85,"column":20},"end":{"line":89,"column":2}},"46":{"start":{"line":91,"column":0},"end":{"line":91,"column":31}},"47":{"start":{"line":92,"column":0},"end":{"line":92,"column":34}},"48":{"start":{"line":97,"column":0},"end":{"line":105,"column":3}},"49":{"start":{"line":98,"column":19},"end":{"line":98,"column":53}},"50":{"start":{"line":99,"column":2},"end":{"line":99,"column":52}},"51":{"start":{"line":99,"column":38},"end":{"line":99,"column":52}},"52":{"start":{"line":100,"column":13},"end":{"line":100,"column":46}},"53":{"start":{"line":101,"column":2},"end":{"line":103,"column":3}},"54":{"start":{"line":102,"column":4},"end":{"line":102,"column":69}},"55":{"start":{"line":104,"column":2},"end":{"line":104,"column":9}},"56":{"start":{"line":108,"column":0},"end":{"line":108,"column":41}},"57":{"start":{"line":109,"column":0},"end":{"line":109,"column":63}},"58":{"start":{"line":110,"column":0},"end":{"line":110,"column":23}},"59":{"start":{"line":112,"column":0},"end":{"line":114,"column":1}},"60":{"start":{"line":113,"column":2},"end":{"line":113,"column":25}},"61":{"start":{"line":117,"column":0},"end":{"line":117,"column":33}},"62":{"start":{"line":118,"column":0},"end":{"line":118,"column":40}},"63":{"start":{"line":119,"column":0},"end":{"line":119,"column":36}},"64":{"start":{"line":120,"column":0},"end":{"line":120,"column":40}},"65":{"start":{"line":121,"column":0},"end":{"line":121,"column":37}},"66":{"start":{"line":124,"column":0},"end":{"line":131,"column":3}},"67":{"start":{"line":125,"column":2},"end":{"line":130,"column":5}},"68":{"start":{"line":134,"column":0},"end":{"line":136,"column":3}},"69":{"start":{"line":135,"column":2},"end":{"line":135,"column":72}},"70":{"start":{"line":139,"column":0},"end":{"line":165,"column":3}},"71":{"start":{"line":140,"column":14},"end":{"line":140,"column":30}},"72":{"start":{"line":141,"column":2},"end":{"line":141,"column":70}},"73":{"start":{"line":143,"column":2},"end":{"line":146,"column":3}},"74":{"start":{"line":144,"column":19},"end":{"line":144,"column":64}},"75":{"start":{"line":144,"column":54},"end":{"line":144,"column":63}},"76":{"start":{"line":145,"column":4},"end":{"line":145,"column":81}},"77":{"start":{"line":147,"column":2},"end":{"line":150,"column":3}},"78":{"start":{"line":148,"column":18},"end":{"line":148,"column":46}},"79":{"start":{"line":149,"column":4},"end":{"line":149,"column":70}},"80":{"start":{"line":151,"column":2},"end":{"line":153,"column":3}},"81":{"start":{"line":152,"column":4},"end":{"line":152,"column":60}},"82":{"start":{"line":154,"column":2},"end":{"line":156,"column":3}},"83":{"start":{"line":155,"column":4},"end":{"line":155,"column":81}},"84":{"start":{"line":157,"column":2},"end":{"line":159,"column":3}},"85":{"start":{"line":158,"column":4},"end":{"line":158,"column":80}},"86":{"start":{"line":161,"column":2},"end":{"line":164,"column":5}},"87":{"start":{"line":168,"column":13},"end":{"line":168,"column":37}},"88":{"start":{"line":171,"column":2},"end":{"line":171,"column":21}},"89":{"start":{"line":174,"column":2},"end":{"line":174,"column":18}},"90":{"start":{"line":176,"column":2},"end":{"line":186,"column":3}},"91":{"start":{"line":177,"column":4},"end":{"line":177,"column":52}},"92":{"start":{"line":178,"column":4},"end":{"line":178,"column":37}},"93":{"start":{"line":180,"column":4},"end":{"line":182,"column":7}},"94":{"start":{"line":181,"column":6},"end":{"line":181,"column":88}},"95":{"start":{"line":184,"column":4},"end":{"line":184,"column":63}},"96":{"start":{"line":185,"column":4},"end":{"line":185,"column":20}},"97":{"start":{"line":189,"column":0},"end":{"line":194,"column":1}},"98":{"start":{"line":190,"column":2},"end":{"line":193,"column":5}},"99":{"start":{"line":191,"column":4},"end":{"line":191,"column":60}},"100":{"start":{"line":192,"column":4},"end":{"line":192,"column":20}},"101":{"start":{"line":197,"column":0},"end":{"line":200,"column":3}},"102":{"start":{"line":198,"column":2},"end":{"line":198,"column":73}},"103":{"start":{"line":199,"column":2},"end":{"line":199,"column":28}},"104":{"start":{"line":202,"column":0},"end":{"line":206,"column":3}},"105":{"start":{"line":203,"column":2},"end":{"line":203,"column":67}},"106":{"start":{"line":204,"column":2},"end":{"line":204,"column":28}},"107":{"start":{"line":205,"column":2},"end":{"line":205,"column":18}},"108":{"start":{"line":208,"column":0},"end":{"line":208,"column":38}}},"fnMap":{"0":{"name":"(anonymous_0)","decl":{"start":{"line":34,"column":10},"end":{"line":34,"column":11}},"loc":{"start":{"line":34,"column":30},"end":{"line":38,"column":3}},"line":34},"1":{"name":"loadConfig","decl":{"start":{"line":42,"column":15},"end":{"line":42,"column":25}},"loc":{"start":{"line":42,"column":28},"end":{"line":49,"column":1}},"line":42},"2":{"name":"(anonymous_2)","decl":{"start":{"line":57,"column":8},"end":{"line":57,"column":9}},"loc":{"start":{"line":57,"column":28},"end":{"line":60,"column":1}},"line":57},"3":{"name":"(anonymous_3)","decl":{"start":{"line":97,"column":8},"end":{"line":97,"column":9}},"loc":{"start":{"line":97,"column":28},"end":{"line":105,"column":1}},"line":97},"4":{"name":"(anonymous_4)","decl":{"start":{"line":124,"column":23},"end":{"line":124,"column":24}},"loc":{"start":{"line":124,"column":37},"end":{"line":131,"column":1}},"line":124},"5":{"name":"(anonymous_5)","decl":{"start":{"line":134,"column":8},"end":{"line":134,"column":9}},"loc":{"start":{"line":134,"column":22},"end":{"line":136,"column":1}},"line":134},"6":{"name":"(anonymous_6)","decl":{"start":{"line":139,"column":8},"end":{"line":139,"column":9}},"loc":{"start":{"line":139,"column":33},"end":{"line":165,"column":1}},"line":139},"7":{"name":"(anonymous_7)","decl":{"start":{"line":144,"column":49},"end":{"line":144,"column":50}},"loc":{"start":{"line":144,"column":54},"end":{"line":144,"column":63}},"line":144},"8":{"name":"startServer","decl":{"start":{"line":170,"column":15},"end":{"line":170,"column":26}},"loc":{"start":{"line":170,"column":29},"end":{"line":187,"column":1}},"line":170},"9":{"name":"(anonymous_9)","decl":{"start":{"line":180,"column":21},"end":{"line":180,"column":22}},"loc":{"start":{"line":180,"column":27},"end":{"line":182,"column":5}},"line":180},"10":{"name":"(anonymous_10)","decl":{"start":{"line":190,"column":22},"end":{"line":190,"column":23}},"loc":{"start":{"line":190,"column":29},"end":{"line":193,"column":3}},"line":190},"11":{"name":"(anonymous_11)","decl":{"start":{"line":197,"column":33},"end":{"line":197,"column":34}},"loc":{"start":{"line":197,"column":60},"end":{"line":200,"column":1}},"line":197},"12":{"name":"(anonymous_12)","decl":{"start":{"line":202,"column":32},"end":{"line":202,"column":33}},"loc":{"start":{"line":202,"column":47},"end":{"line":206,"column":1}},"line":202}},"branchMap":{"0":{"loc":{"start":{"line":28,"column":0},"end":{"line":30,"column":1}},"type":"if","locations":[{"start":{"line":28,"column":0},"end":{"line":30,"column":1}},{"start":{},"end":{}}],"line":28},"1":{"loc":{"start":{"line":28,"column":4},"end":{"line":28,"column":79}},"type":"binary-expr","locations":[{"start":{"line":28,"column":4},"end":{"line":28,"column":38}},{"start":{"line":28,"column":42},"end":{"line":28,"column":79}}],"line":28},"2":{"loc":{"start":{"line":33,"column":0},"end":{"line":39,"column":1}},"type":"if","locations":[{"start":{"line":33,"column":0},"end":{"line":39,"column":1}},{"start":{},"end":{}}],"line":33},"3":{"loc":{"start":{"line":35,"column":21},"end":{"line":35,"column":75}},"type":"binary-expr","locations":[{"start":{"line":35,"column":21},"end":{"line":35,"column":31}},{"start":{"line":35,"column":35},"end":{"line":35,"column":75}}],"line":35},"4":{"loc":{"start":{"line":36,"column":4},"end":{"line":36,"column":32}},"type":"if","locations":[{"start":{"line":36,"column":4},"end":{"line":36,"column":32}},{"start":{},"end":{}}],"line":36},"5":{"loc":{"start":{"line":65,"column":0},"end":{"line":67,"column":1}},"type":"if","locations":[{"start":{"line":65,"column":0},"end":{"line":67,"column":1}},{"start":{},"end":{}}],"line":65},"6":{"loc":{"start":{"line":99,"column":2},"end":{"line":99,"column":52}},"type":"if","locations":[{"start":{"line":99,"column":2},"end":{"line":99,"column":52}},{"start":{},"end":{}}],"line":99},"7":{"loc":{"start":{"line":100,"column":13},"end":{"line":100,"column":46}},"type":"binary-expr","locations":[{"start":{"line":100,"column":13},"end":{"line":100,"column":40}},{"start":{"line":100,"column":44},"end":{"line":100,"column":46}}],"line":100},"8":{"loc":{"start":{"line":101,"column":2},"end":{"line":103,"column":3}},"type":"if","locations":[{"start":{"line":101,"column":2},"end":{"line":103,"column":3}},{"start":{},"end":{}}],"line":101},"9":{"loc":{"start":{"line":101,"column":6},"end":{"line":101,"column":77}},"type":"binary-expr","locations":[{"start":{"line":101,"column":6},"end":{"line":101,"column":38}},{"start":{"line":101,"column":42},"end":{"line":101,"column":77}}],"line":101},"10":{"loc":{"start":{"line":112,"column":0},"end":{"line":114,"column":1}},"type":"if","locations":[{"start":{"line":112,"column":0},"end":{"line":114,"column":1}},{"start":{},"end":{}}],"line":112},"11":{"loc":{"start":{"line":143,"column":2},"end":{"line":146,"column":3}},"type":"if","locations":[{"start":{"line":143,"column":2},"end":{"line":146,"column":3}},{"start":{},"end":{}}],"line":143},"12":{"loc":{"start":{"line":147,"column":2},"end":{"line":150,"column":3}},"type":"if","locations":[{"start":{"line":147,"column":2},"end":{"line":150,"column":3}},{"start":{},"end":{}}],"line":147},"13":{"loc":{"start":{"line":151,"column":2},"end":{"line":153,"column":3}},"type":"if","locations":[{"start":{"line":151,"column":2},"end":{"line":153,"column":3}},{"start":{},"end":{}}],"line":151},"14":{"loc":{"start":{"line":154,"column":2},"end":{"line":156,"column":3}},"type":"if","locations":[{"start":{"line":154,"column":2},"end":{"line":156,"column":3}},{"start":{},"end":{}}],"line":154},"15":{"loc":{"start":{"line":157,"column":2},"end":{"line":159,"column":3}},"type":"if","locations":[{"start":{"line":157,"column":2},"end":{"line":159,"column":3}},{"start":{},"end":{}}],"line":157},"16":{"loc":{"start":{"line":161,"column":13},"end":{"line":161,"column":34}},"type":"binary-expr","locations":[{"start":{"line":161,"column":13},"end":{"line":161,"column":27}},{"start":{"line":161,"column":31},"end":{"line":161,"column":34}}],"line":161},"17":{"loc":{"start":{"line":162,"column":11},"end":{"line":162,"column":49}},"type":"binary-expr","locations":[{"start":{"line":162,"column":11},"end":{"line":162,"column":22}},{"start":{"line":162,"column":26},"end":{"line":162,"column":49}}],"line":162},"18":{"loc":{"start":{"line":163,"column":8},"end":{"line":163,"column":70}},"type":"binary-expr","locations":[{"start":{"line":163,"column":8},"end":{"line":163,"column":46}},{"start":{"line":163,"column":50},"end":{"line":163,"column":70}}],"line":163},"19":{"loc":{"start":{"line":168,"column":13},"end":{"line":168,"column":37}},"type":"binary-expr","locations":[{"start":{"line":168,"column":13},"end":{"line":168,"column":29}},{"start":{"line":168,"column":33},"end":{"line":168,"column":37}}],"line":168},"20":{"loc":{"start":{"line":189,"column":0},"end":{"line":194,"column":1}},"type":"if","locations":[{"start":{"line":189,"column":0},"end":{"line":194,"column":1}},{"start":{},"end":{}}],"line":189},"21":{"loc":{"start":{"line":203,"column":41},"end":{"line":203,"column":65}},"type":"binary-expr","locations":[{"start":{"line":203,"column":41},"end":{"line":203,"column":50}},{"start":{"line":203,"column":54},"end":{"line":203,"column":65}}],"line":203}},"s":{"0":2,"1":2,"2":2,"3":2,"4":2,"5":2,"6":2,"7":2,"8":2,"9":2,"10":2,"11":2,"12":2,"13":2,"14":2,"15":2,"16":2,"17":2,"18":2,"19":2,"20":2,"21":2,"22":0,"23":2,"24":0,"25":0,"26":0,"27":0,"28":0,"29":0,"30":0,"31":0,"32":0,"33":2,"34":2,"35":2,"36":2,"37":3,"38":3,"39":2,"40":2,"41":2,"42":2,"43":2,"44":2,"45":2,"46":2,"47":2,"48":2,"49":3,"50":3,"51":1,"52":2,"53":2,"54":0,"55":2,"56":2,"57":2,"58":2,"59":2,"60":0,"61":2,"62":2,"63":2,"64":2,"65":2,"66":2,"67":1,"68":2,"69":0,"70":2,"71":0,"72":0,"73":0,"74":0,"75":0,"76":0,"77":0,"78":0,"79":0,"80":0,"81":0,"82":0,"83":0,"84":0,"85":0,"86":0,"87":2,"88":0,"89":0,"90":0,"91":0,"92":0,"93":0,"94":0,"95":0,"96":0,"97":2,"98":0,"99":0,"100":0,"101":2,"102":0,"103":0,"104":2,"105":0,"106":0,"107":0,"108":2},"f":{"0":0,"1":0,"2":3,"3":3,"4":1,"5":0,"6":0,"7":0,"8":0,"9":0,"10":0,"11":0,"12":0},"b":{"0":[0,2],"1":[2,2],"2":[0,2],"3":[0,0],"4":[0,0],"5":[2,0],"6":[1,2],"7":[2,0],"8":[0,2],"9":[2,0],"10":[0,2],"11":[0,0],"12":[0,0],"13":[0,0],"14":[0,0],"15":[0,0],"16":[0,0],"17":[0,0],"18":[0,0],"19":[2,0],"20":[0,2],"21":[0,0]},"_coverageSchema":"1a1c01bbd47fc00a2c39e90264f33305004495a9","hash":"0fe682900ecd4d305b4a60d1adf7aec835444790"}
,"/media/mike/Mike_s files/Software Engineering/AceNursing/backend/config/aws.js": {"path":"/media/mike/Mike_s files/Software Engineering/AceNursing/backend/config/aws.js","statementMap":{"0":{"start":{"line":1,"column":21},"end":{"line":1,"column":50}},"1":{"start":{"line":3,"column":17},"end":{"line":9,"column":2}},"2":{"start":{"line":11,"column":15},"end":{"line":11,"column":40}},"3":{"start":{"line":12,"column":15},"end":{"line":12,"column":52}},"4":{"start":{"line":14,"column":21},"end":{"line":15,"column":55}},"5":{"start":{"line":15,"column":2},"end":{"line":15,"column":55}},"6":{"start":{"line":17,"column":0},"end":{"line":17,"column":60}}},"fnMap":{"0":{"name":"(anonymous_0)","decl":{"start":{"line":14,"column":21},"end":{"line":14,"column":22}},"loc":{"start":{"line":15,"column":2},"end":{"line":15,"column":55}},"line":15}},"branchMap":{"0":{"loc":{"start":{"line":4,"column":10},"end":{"line":4,"column":47}},"type":"binary-expr","locations":[{"start":{"line":4,"column":10},"end":{"line":4,"column":32}},{"start":{"line":4,"column":36},"end":{"line":4,"column":47}}],"line":4},"1":{"loc":{"start":{"line":12,"column":15},"end":{"line":12,"column":52}},"type":"binary-expr","locations":[{"start":{"line":12,"column":15},"end":{"line":12,"column":37}},{"start":{"line":12,"column":41},"end":{"line":12,"column":52}}],"line":12}},"s":{"0":2,"1":2,"2":2,"3":2,"4":2,"5":0,"6":2},"f":{"0":0},"b":{"0":[2,0],"1":[2,0]},"_coverageSchema":"1a1c01bbd47fc00a2c39e90264f33305004495a9","hash":"17a2d4ef5beac69e09877db1a94304aa3b56183d"}
,"/media/mike/Mike_s files/Software Engineering/AceNursing/backend/config/paypal.js": {"path":"/media/mike/Mike_s files/Software Engineering/AceNursing/backend/config/paypal.js","statementMap":{"0":{"start":{"line":1,"column":14},"end":{"line":1,"column":30}},"1":{"start":{"line":3,"column":29},"end":{"line":6,"column":2}},"2":{"start":{"line":9,"column":2},"end":{"line":11,"column":40}},"3":{"start":{"line":13,"column":0},"end":{"line":15,"column":1}},"4":{"start":{"line":14,"column":2},"end":{"line":14,"column":57}},"5":{"start":{"line":21,"column":22},"end":{"line":23,"column":22}},"6":{"start":{"line":25,"column":19},"end":{"line":34,"column":3}},"7":{"start":{"line":36,"column":2},"end":{"line":36,"column":36}},"8":{"start":{"line":43,"column":16},"end":{"line":43,"column":44}},"9":{"start":{"line":45,"column":18},"end":{"line":78,"column":3}},"10":{"start":{"line":61,"column":34},"end":{"line":69,"column":9}},"11":{"start":{"line":80,"column":19},"end":{"line":85,"column":4}},"12":{"start":{"line":87,"column":2},"end":{"line":87,"column":23}},"13":{"start":{"line":94,"column":16},"end":{"line":94,"column":44}},"14":{"start":{"line":96,"column":19},"end":{"line":105,"column":3}},"15":{"start":{"line":107,"column":2},"end":{"line":107,"column":23}},"16":{"start":{"line":110,"column":0},"end":{"line":110,"column":72}}},"fnMap":{"0":{"name":"getPayPalAccessToken","decl":{"start":{"line":20,"column":15},"end":{"line":20,"column":35}},"loc":{"start":{"line":20,"column":38},"end":{"line":37,"column":1}},"line":20},"1":{"name":"createPayPalOrder","decl":{"start":{"line":42,"column":15},"end":{"line":42,"column":32}},"loc":{"start":{"line":42,"column":79},"end":{"line":88,"column":1}},"line":42},"2":{"name":"(anonymous_2)","decl":{"start":{"line":61,"column":25},"end":{"line":61,"column":26}},"loc":{"start":{"line":61,"column":34},"end":{"line":69,"column":9}},"line":61},"3":{"name":"capturePayPalOrder","decl":{"start":{"line":93,"column":15},"end":{"line":93,"column":33}},"loc":{"start":{"line":93,"column":49},"end":{"line":108,"column":1}},"line":93}},"branchMap":{"0":{"loc":{"start":{"line":9,"column":2},"end":{"line":11,"column":40}},"type":"cond-expr","locations":[{"start":{"line":10,"column":6},"end":{"line":10,"column":32}},{"start":{"line":11,"column":6},"end":{"line":11,"column":40}}],"line":9},"1":{"loc":{"start":{"line":13,"column":0},"end":{"line":15,"column":1}},"type":"if","locations":[{"start":{"line":13,"column":0},"end":{"line":15,"column":1}},{"start":{},"end":{}}],"line":13},"2":{"loc":{"start":{"line":42,"column":43},"end":{"line":42,"column":59}},"type":"default-arg","locations":[{"start":{"line":42,"column":54},"end":{"line":42,"column":59}}],"line":42}},"s":{"0":2,"1":2,"2":2,"3":2,"4":0,"5":0,"6":0,"7":0,"8":0,"9":0,"10":0,"11":0,"12":0,"13":0,"14":0,"15":0,"16":2},"f":{"0":0,"1":0,"2":0,"3":0},"b":{"0":[0,2],"1":[0,2],"2":[0]},"_coverageSchema":"1a1c01bbd47fc00a2c39e90264f33305004495a9","hash":"006ffe2dc78ce87242f0dba14b2b0f5846d20d19"}
,"/media/mike/Mike_s files/Software Engineering/AceNursing/backend/middleware/auth.js": {"path":"/media/mike/Mike_s files/Software Engineering/AceNursing/backend/middleware/auth.js","statementMap":{"0":{"start":{"line":1,"column":12},"end":{"line":1,"column":35}},"1":{"start":{"line":2,"column":13},"end":{"line":2,"column":38}},"2":{"start":{"line":7,"column":0},"end":{"line":37,"column":2}},"3":{"start":{"line":8,"column":2},"end":{"line":36,"column":3}},"4":{"start":{"line":11,"column":4},"end":{"line":15,"column":5}},"5":{"start":{"line":12,"column":6},"end":{"line":12,"column":54}},"6":{"start":{"line":13,"column":11},"end":{"line":15,"column":5}},"7":{"start":{"line":14,"column":6},"end":{"line":14,"column":30}},"8":{"start":{"line":17,"column":4},"end":{"line":19,"column":5}},"9":{"start":{"line":18,"column":6},"end":{"line":18,"column":98}},"10":{"start":{"line":21,"column":20},"end":{"line":21,"column":61}},"11":{"start":{"line":23,"column":17},"end":{"line":23,"column":68}},"12":{"start":{"line":24,"column":4},"end":{"line":26,"column":5}},"13":{"start":{"line":25,"column":6},"end":{"line":25,"column":102}},"14":{"start":{"line":28,"column":4},"end":{"line":30,"column":5}},"15":{"start":{"line":29,"column":6},"end":{"line":29,"column":83}},"16":{"start":{"line":32,"column":4},"end":{"line":32,"column":20}},"17":{"start":{"line":33,"column":4},"end":{"line":33,"column":11}},"18":{"start":{"line":35,"column":4},"end":{"line":35,"column":14}},"19":{"start":{"line":42,"column":0},"end":{"line":51,"column":2}},"20":{"start":{"line":43,"column":2},"end":{"line":50,"column":4}},"21":{"start":{"line":44,"column":4},"end":{"line":48,"column":5}},"22":{"start":{"line":45,"column":6},"end":{"line":47,"column":9}},"23":{"start":{"line":49,"column":4},"end":{"line":49,"column":11}},"24":{"start":{"line":56,"column":0},"end":{"line":70,"column":2}},"25":{"start":{"line":57,"column":2},"end":{"line":68,"column":3}},"26":{"start":{"line":59,"column":4},"end":{"line":61,"column":5}},"27":{"start":{"line":60,"column":6},"end":{"line":60,"column":54}},"28":{"start":{"line":62,"column":4},"end":{"line":65,"column":5}},"29":{"start":{"line":63,"column":22},"end":{"line":63,"column":63}},"30":{"start":{"line":64,"column":6},"end":{"line":64,"column":69}},"31":{"start":{"line":69,"column":2},"end":{"line":69,"column":9}},"32":{"start":{"line":75,"column":0},"end":{"line":79,"column":2}},"33":{"start":{"line":76,"column":2},"end":{"line":78,"column":5}}},"fnMap":{"0":{"name":"(anonymous_0)","decl":{"start":{"line":7,"column":18},"end":{"line":7,"column":19}},"loc":{"start":{"line":7,"column":44},"end":{"line":37,"column":1}},"line":7},"1":{"name":"(anonymous_1)","decl":{"start":{"line":42,"column":21},"end":{"line":42,"column":22}},"loc":{"start":{"line":42,"column":35},"end":{"line":51,"column":1}},"line":42},"2":{"name":"(anonymous_2)","decl":{"start":{"line":43,"column":9},"end":{"line":43,"column":10}},"loc":{"start":{"line":43,"column":29},"end":{"line":50,"column":3}},"line":43},"3":{"name":"(anonymous_3)","decl":{"start":{"line":56,"column":23},"end":{"line":56,"column":24}},"loc":{"start":{"line":56,"column":49},"end":{"line":70,"column":1}},"line":56},"4":{"name":"(anonymous_4)","decl":{"start":{"line":75,"column":20},"end":{"line":75,"column":21}},"loc":{"start":{"line":75,"column":32},"end":{"line":79,"column":1}},"line":75}},"branchMap":{"0":{"loc":{"start":{"line":11,"column":4},"end":{"line":15,"column":5}},"type":"if","locations":[{"start":{"line":11,"column":4},"end":{"line":15,"column":5}},{"start":{"line":13,"column":11},"end":{"line":15,"column":5}}],"line":11},"1":{"loc":{"start":{"line":13,"column":11},"end":{"line":15,"column":5}},"type":"if","locations":[{"start":{"line":13,"column":11},"end":{"line":15,"column":5}},{"start":{},"end":{}}],"line":13},"2":{"loc":{"start":{"line":17,"column":4},"end":{"line":19,"column":5}},"type":"if","locations":[{"start":{"line":17,"column":4},"end":{"line":19,"column":5}},{"start":{},"end":{}}],"line":17},"3":{"loc":{"start":{"line":24,"column":4},"end":{"line":26,"column":5}},"type":"if","locations":[{"start":{"line":24,"column":4},"end":{"line":26,"column":5}},{"start":{},"end":{}}],"line":24},"4":{"loc":{"start":{"line":28,"column":4},"end":{"line":30,"column":5}},"type":"if","locations":[{"start":{"line":28,"column":4},"end":{"line":30,"column":5}},{"start":{},"end":{}}],"line":28},"5":{"loc":{"start":{"line":44,"column":4},"end":{"line":48,"column":5}},"type":"if","locations":[{"start":{"line":44,"column":4},"end":{"line":48,"column":5}},{"start":{},"end":{}}],"line":44},"6":{"loc":{"start":{"line":59,"column":4},"end":{"line":61,"column":5}},"type":"if","locations":[{"start":{"line":59,"column":4},"end":{"line":61,"column":5}},{"start":{},"end":{}}],"line":59},"7":{"loc":{"start":{"line":62,"column":4},"end":{"line":65,"column":5}},"type":"if","locations":[{"start":{"line":62,"column":4},"end":{"line":65,"column":5}},{"start":{},"end":{}}],"line":62},"8":{"loc":{"start":{"line":77,"column":15},"end":{"line":77,"column":49}},"type":"binary-expr","locations":[{"start":{"line":77,"column":15},"end":{"line":77,"column":41}},{"start":{"line":77,"column":45},"end":{"line":77,"column":49}}],"line":77}},"s":{"0":2,"1":2,"2":2,"3":0,"4":0,"5":0,"6":0,"7":0,"8":0,"9":0,"10":0,"11":0,"12":0,"13":0,"14":0,"15":0,"16":0,"17":0,"18":0,"19":2,"20":18,"21":0,"22":0,"23":0,"24":2,"25":0,"26":0,"27":0,"28":0,"29":0,"30":0,"31":0,"32":2,"33":2},"f":{"0":0,"1":18,"2":0,"3":0,"4":2},"b":{"0":[0,0],"1":[0,0],"2":[0,0],"3":[0,0],"4":[0,0],"5":[0,0],"6":[0,0],"7":[0,0],"8":[2,0]},"_coverageSchema":"1a1c01bbd47fc00a2c39e90264f33305004495a9","hash":"97641338977da0aef095db596ba2f9f4618b0c52"}
,"/media/mike/Mike_s files/Software Engineering/AceNursing/backend/middleware/requestLogger.js": {"path":"/media/mike/Mike_s files/Software Engineering/AceNursing/backend/middleware/requestLogger.js","statementMap":{"0":{"start":{"line":1,"column":19},"end":{"line":1,"column":41}},"1":{"start":{"line":2,"column":24},"end":{"line":2,"column":50}},"2":{"start":{"line":5,"column":14},"end":{"line":5,"column":30}},"3":{"start":{"line":6,"column":20},"end":{"line":6,"column":36}},"4":{"start":{"line":8,"column":2},"end":{"line":8,"column":67}},"5":{"start":{"line":10,"column":2},"end":{"line":21,"column":5}},"6":{"start":{"line":11,"column":35},"end":{"line":11,"column":60}},"7":{"start":{"line":12,"column":23},"end":{"line":12,"column":69}},"8":{"start":{"line":13,"column":4},"end":{"line":20,"column":6}},"9":{"start":{"line":23,"column":2},"end":{"line":23,"column":9}},"10":{"start":{"line":26,"column":0},"end":{"line":26,"column":31}}},"fnMap":{"0":{"name":"requestLogger","decl":{"start":{"line":4,"column":9},"end":{"line":4,"column":22}},"loc":{"start":{"line":4,"column":39},"end":{"line":24,"column":1}},"line":4},"1":{"name":"(anonymous_1)","decl":{"start":{"line":10,"column":18},"end":{"line":10,"column":19}},"loc":{"start":{"line":10,"column":24},"end":{"line":21,"column":3}},"line":10}},"branchMap":{"0":{"loc":{"start":{"line":18,"column":6},"end":{"line":18,"column":29}},"type":"binary-expr","locations":[{"start":{"line":18,"column":6},"end":{"line":18,"column":23}},{"start":{"line":18,"column":27},"end":{"line":18,"column":29}}],"line":18}},"s":{"0":2,"1":2,"2":3,"3":3,"4":3,"5":3,"6":3,"7":3,"8":3,"9":3,"10":2},"f":{"0":3,"1":3},"b":{"0":[3,0]},"_coverageSchema":"1a1c01bbd47fc00a2c39e90264f33305004495a9","hash":"8efb0ed6a727171372a7d6cc77462b4c14dce37c"}
,"/media/mike/Mike_s files/Software Engineering/AceNursing/backend/models/Order.js": {"path":"/media/mike/Mike_s files/Software Engineering/AceNursing/backend/models/Order.js","statementMap":{"0":{"start":{"line":1,"column":17},"end":{"line":1,"column":36}},"1":{"start":{"line":2,"column":15},"end":{"line":2,"column":32}},"2":{"start":{"line":4,"column":24},"end":{"line":16,"column":2}},"3":{"start":{"line":18,"column":20},"end":{"line":73,"column":1}},"4":{"start":{"line":77,"column":0},"end":{"line":77,"column":47}},"5":{"start":{"line":78,"column":0},"end":{"line":78,"column":46}},"6":{"start":{"line":79,"column":0},"end":{"line":79,"column":33}},"7":{"start":{"line":80,"column":0},"end":{"line":80,"column":50}},"8":{"start":{"line":83,"column":0},"end":{"line":91,"column":3}},"9":{"start":{"line":84,"column":2},"end":{"line":89,"column":3}},"10":{"start":{"line":85,"column":19},"end":{"line":85,"column":24}},"11":{"start":{"line":86,"column":22},"end":{"line":86,"column":59}},"12":{"start":{"line":87,"column":19},"end":{"line":87,"column":70}},"13":{"start":{"line":88,"column":4},"end":{"line":88,"column":58}},"14":{"start":{"line":90,"column":2},"end":{"line":90,"column":9}},"15":{"start":{"line":94,"column":0},"end":{"line":96,"column":3}},"16":{"start":{"line":95,"column":2},"end":{"line":95,"column":45}},"17":{"start":{"line":98,"column":14},"end":{"line":98,"column":50}},"18":{"start":{"line":99,"column":0},"end":{"line":99,"column":23}}},"fnMap":{"0":{"name":"(anonymous_0)","decl":{"start":{"line":83,"column":24},"end":{"line":83,"column":25}},"loc":{"start":{"line":83,"column":46},"end":{"line":91,"column":1}},"line":83},"1":{"name":"(anonymous_1)","decl":{"start":{"line":94,"column":34},"end":{"line":94,"column":35}},"loc":{"start":{"line":94,"column":46},"end":{"line":96,"column":1}},"line":94}},"branchMap":{"0":{"loc":{"start":{"line":84,"column":2},"end":{"line":89,"column":3}},"type":"if","locations":[{"start":{"line":84,"column":2},"end":{"line":89,"column":3}},{"start":{},"end":{}}],"line":84}},"s":{"0":2,"1":2,"2":2,"3":2,"4":2,"5":2,"6":2,"7":2,"8":2,"9":0,"10":0,"11":0,"12":0,"13":0,"14":0,"15":2,"16":0,"17":2,"18":2},"f":{"0":0,"1":0},"b":{"0":[0,0]},"_coverageSchema":"1a1c01bbd47fc00a2c39e90264f33305004495a9","hash":"27e5cf9a77a4a7a3166db32e9e56441e9c5b0e18"}
,"/media/mike/Mike_s files/Software Engineering/AceNursing/backend/models/Product.js": {"path":"/media/mike/Mike_s files/Software Engineering/AceNursing/backend/models/Product.js","statementMap":{"0":{"start":{"line":1,"column":17},"end":{"line":1,"column":36}},"1":{"start":{"line":2,"column":16},"end":{"line":2,"column":34}},"2":{"start":{"line":4,"column":22},"end":{"line":111,"column":1}},"3":{"start":{"line":114,"column":0},"end":{"line":117,"column":3}},"4":{"start":{"line":115,"column":2},"end":{"line":115,"column":72}},"5":{"start":{"line":115,"column":63},"end":{"line":115,"column":72}},"6":{"start":{"line":116,"column":2},"end":{"line":116,"column":84}},"7":{"start":{"line":121,"column":0},"end":{"line":121,"column":50}},"8":{"start":{"line":122,"column":0},"end":{"line":122,"column":50}},"9":{"start":{"line":123,"column":0},"end":{"line":123,"column":46}},"10":{"start":{"line":124,"column":0},"end":{"line":124,"column":74}},"11":{"start":{"line":127,"column":0},"end":{"line":135,"column":3}},"12":{"start":{"line":128,"column":2},"end":{"line":133,"column":3}},"13":{"start":{"line":129,"column":15},"end":{"line":129,"column":65}},"14":{"start":{"line":130,"column":19},"end":{"line":130,"column":83}},"15":{"start":{"line":131,"column":4},"end":{"line":131,"column":47}},"16":{"start":{"line":131,"column":16},"end":{"line":131,"column":47}},"17":{"start":{"line":132,"column":4},"end":{"line":132,"column":21}},"18":{"start":{"line":134,"column":2},"end":{"line":134,"column":9}},"19":{"start":{"line":138,"column":0},"end":{"line":145,"column":2}},"20":{"start":{"line":139,"column":2},"end":{"line":142,"column":3}},"21":{"start":{"line":140,"column":4},"end":{"line":140,"column":43}},"22":{"start":{"line":141,"column":4},"end":{"line":141,"column":11}},"23":{"start":{"line":143,"column":14},"end":{"line":143,"column":86}},"24":{"start":{"line":143,"column":46},"end":{"line":143,"column":60}},"25":{"start":{"line":144,"column":2},"end":{"line":144,"column":83}},"26":{"start":{"line":147,"column":16},"end":{"line":147,"column":56}},"27":{"start":{"line":148,"column":0},"end":{"line":148,"column":25}}},"fnMap":{"0":{"name":"(anonymous_0)","decl":{"start":{"line":114,"column":45},"end":{"line":114,"column":46}},"loc":{"start":{"line":114,"column":57},"end":{"line":117,"column":1}},"line":114},"1":{"name":"(anonymous_1)","decl":{"start":{"line":127,"column":26},"end":{"line":127,"column":27}},"loc":{"start":{"line":127,"column":48},"end":{"line":135,"column":1}},"line":127},"2":{"name":"(anonymous_2)","decl":{"start":{"line":138,"column":37},"end":{"line":138,"column":38}},"loc":{"start":{"line":138,"column":49},"end":{"line":145,"column":1}},"line":138},"3":{"name":"(anonymous_3)","decl":{"start":{"line":143,"column":34},"end":{"line":143,"column":35}},"loc":{"start":{"line":143,"column":46},"end":{"line":143,"column":60}},"line":143}},"branchMap":{"0":{"loc":{"start":{"line":115,"column":2},"end":{"line":115,"column":72}},"type":"if","locations":[{"start":{"line":115,"column":2},"end":{"line":115,"column":72}},{"start":{},"end":{}}],"line":115},"1":{"loc":{"start":{"line":115,"column":6},"end":{"line":115,"column":61}},"type":"binary-expr","locations":[{"start":{"line":115,"column":6},"end":{"line":115,"column":25}},{"start":{"line":115,"column":29},"end":{"line":115,"column":61}}],"line":115},"2":{"loc":{"start":{"line":128,"column":2},"end":{"line":133,"column":3}},"type":"if","locations":[{"start":{"line":128,"column":2},"end":{"line":133,"column":3}},{"start":{},"end":{}}],"line":128},"3":{"loc":{"start":{"line":131,"column":4},"end":{"line":131,"column":47}},"type":"if","locations":[{"start":{"line":131,"column":4},"end":{"line":131,"column":47}},{"start":{},"end":{}}],"line":131},"4":{"loc":{"start":{"line":139,"column":2},"end":{"line":142,"column":3}},"type":"if","locations":[{"start":{"line":139,"column":2},"end":{"line":142,"column":3}},{"start":{},"end":{}}],"line":139}},"s":{"0":2,"1":2,"2":2,"3":2,"4":0,"5":0,"6":0,"7":2,"8":2,"9":2,"10":2,"11":2,"12":0,"13":0,"14":0,"15":0,"16":0,"17":0,"18":0,"19":2,"20":0,"21":0,"22":0,"23":0,"24":0,"25":0,"26":2,"27":2},"f":{"0":0,"1":0,"2":0,"3":0},"b":{"0":[0,0],"1":[0,0],"2":[0,0],"3":[0,0],"4":[0,0]},"_coverageSchema":"1a1c01bbd47fc00a2c39e90264f33305004495a9","hash":"d2d96696cd4b0897a4631cbba659a53cf4ef2e38"}
,"/media/mike/Mike_s files/Software Engineering/AceNursing/backend/models/User.js": {"path":"/media/mike/Mike_s files/Software Engineering/AceNursing/backend/models/User.js","statementMap":{"0":{"start":{"line":1,"column":17},"end":{"line":1,"column":36}},"1":{"start":{"line":2,"column":15},"end":{"line":2,"column":34}},"2":{"start":{"line":3,"column":15},"end":{"line":3,"column":32}},"3":{"start":{"line":5,"column":19},"end":{"line":73,"column":1}},"4":{"start":{"line":76,"column":0},"end":{"line":78,"column":3}},"5":{"start":{"line":77,"column":2},"end":{"line":77,"column":46}},"6":{"start":{"line":81,"column":0},"end":{"line":86,"column":3}},"7":{"start":{"line":82,"column":2},"end":{"line":82,"column":50}},"8":{"start":{"line":82,"column":36},"end":{"line":82,"column":50}},"9":{"start":{"line":83,"column":21},"end":{"line":83,"column":61}},"10":{"start":{"line":84,"column":2},"end":{"line":84,"column":63}},"11":{"start":{"line":85,"column":2},"end":{"line":85,"column":9}},"12":{"start":{"line":89,"column":0},"end":{"line":91,"column":2}},"13":{"start":{"line":90,"column":2},"end":{"line":90,"column":58}},"14":{"start":{"line":93,"column":0},"end":{"line":101,"column":2}},"15":{"start":{"line":94,"column":21},"end":{"line":94,"column":59}},"16":{"start":{"line":95,"column":2},"end":{"line":98,"column":19}},"17":{"start":{"line":99,"column":2},"end":{"line":99,"column":58}},"18":{"start":{"line":100,"column":2},"end":{"line":100,"column":20}},"19":{"start":{"line":103,"column":0},"end":{"line":108,"column":2}},"20":{"start":{"line":104,"column":16},"end":{"line":104,"column":54}},"21":{"start":{"line":105,"column":20},"end":{"line":105,"column":67}},"22":{"start":{"line":106,"column":2},"end":{"line":106,"column":60}},"23":{"start":{"line":107,"column":2},"end":{"line":107,"column":15}},"24":{"start":{"line":111,"column":0},"end":{"line":113,"column":2}},"25":{"start":{"line":112,"column":2},"end":{"line":112,"column":54}},"26":{"start":{"line":115,"column":13},"end":{"line":115,"column":47}},"27":{"start":{"line":116,"column":0},"end":{"line":116,"column":22}}},"fnMap":{"0":{"name":"(anonymous_0)","decl":{"start":{"line":76,"column":35},"end":{"line":76,"column":36}},"loc":{"start":{"line":76,"column":47},"end":{"line":78,"column":1}},"line":76},"1":{"name":"(anonymous_1)","decl":{"start":{"line":81,"column":23},"end":{"line":81,"column":24}},"loc":{"start":{"line":81,"column":45},"end":{"line":86,"column":1}},"line":81},"2":{"name":"(anonymous_2)","decl":{"start":{"line":89,"column":37},"end":{"line":89,"column":38}},"loc":{"start":{"line":89,"column":72},"end":{"line":91,"column":1}},"line":89},"3":{"name":"(anonymous_3)","decl":{"start":{"line":93,"column":46},"end":{"line":93,"column":47}},"loc":{"start":{"line":93,"column":58},"end":{"line":101,"column":1}},"line":93},"4":{"name":"(anonymous_4)","decl":{"start":{"line":103,"column":41},"end":{"line":103,"column":42}},"loc":{"start":{"line":103,"column":62},"end":{"line":108,"column":1}},"line":103},"5":{"name":"(anonymous_5)","decl":{"start":{"line":111,"column":33},"end":{"line":111,"column":34}},"loc":{"start":{"line":111,"column":50},"end":{"line":113,"column":1}},"line":111}},"branchMap":{"0":{"loc":{"start":{"line":82,"column":2},"end":{"line":82,"column":50}},"type":"if","locations":[{"start":{"line":82,"column":2},"end":{"line":82,"column":50}},{"start":{},"end":{}}],"line":82},"1":{"loc":{"start":{"line":83,"column":21},"end":{"line":83,"column":61}},"type":"cond-expr","locations":[{"start":{"line":83,"column":55},"end":{"line":83,"column":56}},{"start":{"line":83,"column":59},"end":{"line":83,"column":61}}],"line":83}},"s":{"0":2,"1":2,"2":2,"3":2,"4":2,"5":2,"6":2,"7":2,"8":1,"9":1,"10":1,"11":1,"12":2,"13":1,"14":2,"15":0,"16":0,"17":0,"18":0,"19":2,"20":0,"21":0,"22":0,"23":0,"24":2,"25":0,"26":2,"27":2},"f":{"0":2,"1":2,"2":1,"3":0,"4":0,"5":0},"b":{"0":[1,1],"1":[1,0]},"_coverageSchema":"1a1c01bbd47fc00a2c39e90264f33305004495a9","hash":"78df07b8117e2c830b4ebb8c23402421833c27aa"}
,"/media/mike/Mike_s files/Software Engineering/AceNursing/backend/routes/auth.js": {"path":"/media/mike/Mike_s files/Software Engineering/AceNursing/backend/routes/auth.js","statementMap":{"0":{"start":{"line":1,"column":16},"end":{"line":1,"column":34}},"1":{"start":{"line":2,"column":15},"end":{"line":2,"column":31}},"2":{"start":{"line":3,"column":15},"end":{"line":3,"column":32}},"3":{"start":{"line":4,"column":13},"end":{"line":4,"column":38}},"4":{"start":{"line":5,"column":31},"end":{"line":5,"column":60}},"5":{"start":{"line":6,"column":53},"end":{"line":6,"column":78}},"6":{"start":{"line":7,"column":18},"end":{"line":7,"column":47}},"7":{"start":{"line":9,"column":26},"end":{"line":13,"column":2}},"8":{"start":{"line":16,"column":25},"end":{"line":20,"column":1}},"9":{"start":{"line":17,"column":16},"end":{"line":17,"column":35}},"10":{"start":{"line":18,"column":2},"end":{"line":18,"column":28}},"11":{"start":{"line":19,"column":2},"end":{"line":19,"column":47}},"12":{"start":{"line":23,"column":0},"end":{"line":41,"column":3}},"13":{"start":{"line":24,"column":2},"end":{"line":40,"column":3}},"14":{"start":{"line":25,"column":69},"end":{"line":25,"column":77}},"15":{"start":{"line":27,"column":21},"end":{"line":27,"column":72}},"16":{"start":{"line":28,"column":4},"end":{"line":30,"column":5}},"17":{"start":{"line":29,"column":6},"end":{"line":29,"column":91}},"18":{"start":{"line":32,"column":17},"end":{"line":32,"column":92}},"19":{"start":{"line":35,"column":4},"end":{"line":35,"column":52}},"20":{"start":{"line":37,"column":4},"end":{"line":37,"column":37}},"21":{"start":{"line":39,"column":4},"end":{"line":39,"column":14}},"22":{"start":{"line":44,"column":0},"end":{"line":68,"column":3}},"23":{"start":{"line":45,"column":2},"end":{"line":67,"column":3}},"24":{"start":{"line":46,"column":32},"end":{"line":46,"column":40}},"25":{"start":{"line":48,"column":4},"end":{"line":50,"column":5}},"26":{"start":{"line":49,"column":6},"end":{"line":49,"column":81}},"27":{"start":{"line":52,"column":17},"end":{"line":52,"column":87}},"28":{"start":{"line":53,"column":4},"end":{"line":55,"column":5}},"29":{"start":{"line":54,"column":6},"end":{"line":54,"column":75}},"30":{"start":{"line":57,"column":4},"end":{"line":59,"column":5}},"31":{"start":{"line":58,"column":6},"end":{"line":58,"column":100}},"32":{"start":{"line":61,"column":4},"end":{"line":61,"column":32}},"33":{"start":{"line":62,"column":4},"end":{"line":62,"column":51}},"34":{"start":{"line":64,"column":4},"end":{"line":64,"column":32}},"35":{"start":{"line":66,"column":4},"end":{"line":66,"column":14}},"36":{"start":{"line":71,"column":0},"end":{"line":84,"column":3}},"37":{"start":{"line":72,"column":2},"end":{"line":83,"column":3}},"38":{"start":{"line":73,"column":32},"end":{"line":73,"column":40}},"39":{"start":{"line":75,"column":17},"end":{"line":75,"column":103}},"40":{"start":{"line":76,"column":4},"end":{"line":78,"column":5}},"41":{"start":{"line":77,"column":6},"end":{"line":77,"column":75}},"42":{"start":{"line":80,"column":4},"end":{"line":80,"column":32}},"43":{"start":{"line":82,"column":4},"end":{"line":82,"column":14}},"44":{"start":{"line":87,"column":0},"end":{"line":94,"column":3}},"45":{"start":{"line":88,"column":2},"end":{"line":93,"column":3}},"46":{"start":{"line":89,"column":17},"end":{"line":89,"column":100}},"47":{"start":{"line":90,"column":4},"end":{"line":90,"column":23}},"48":{"start":{"line":92,"column":4},"end":{"line":92,"column":14}},"49":{"start":{"line":97,"column":0},"end":{"line":113,"column":3}},"50":{"start":{"line":98,"column":2},"end":{"line":112,"column":3}},"51":{"start":{"line":99,"column":26},"end":{"line":99,"column":71}},"52":{"start":{"line":100,"column":20},"end":{"line":100,"column":22}},"53":{"start":{"line":101,"column":4},"end":{"line":103,"column":7}},"54":{"start":{"line":102,"column":6},"end":{"line":102,"column":74}},"55":{"start":{"line":102,"column":41},"end":{"line":102,"column":74}},"56":{"start":{"line":105,"column":17},"end":{"line":108,"column":6}},"57":{"start":{"line":109,"column":4},"end":{"line":109,"column":23}},"58":{"start":{"line":111,"column":4},"end":{"line":111,"column":14}},"59":{"start":{"line":116,"column":0},"end":{"line":135,"column":3}},"60":{"start":{"line":117,"column":2},"end":{"line":134,"column":3}},"61":{"start":{"line":118,"column":17},"end":{"line":118,"column":77}},"62":{"start":{"line":119,"column":4},"end":{"line":122,"column":5}},"63":{"start":{"line":121,"column":6},"end":{"line":121,"column":95}},"64":{"start":{"line":124,"column":23},"end":{"line":124,"column":54}},"65":{"start":{"line":125,"column":4},"end":{"line":125,"column":51}},"66":{"start":{"line":127,"column":21},"end":{"line":127,"column":79}},"67":{"start":{"line":129,"column":4},"end":{"line":129,"column":53}},"68":{"start":{"line":131,"column":4},"end":{"line":131,"column":56}},"69":{"start":{"line":133,"column":4},"end":{"line":133,"column":14}},"70":{"start":{"line":138,"column":0},"end":{"line":163,"column":3}},"71":{"start":{"line":139,"column":2},"end":{"line":162,"column":3}},"72":{"start":{"line":140,"column":24},"end":{"line":143,"column":20}},"73":{"start":{"line":145,"column":17},"end":{"line":148,"column":6}},"74":{"start":{"line":150,"column":4},"end":{"line":152,"column":5}},"75":{"start":{"line":151,"column":6},"end":{"line":151,"column":81}},"76":{"start":{"line":154,"column":4},"end":{"line":154,"column":38}},"77":{"start":{"line":155,"column":4},"end":{"line":155,"column":40}},"78":{"start":{"line":156,"column":4},"end":{"line":156,"column":42}},"79":{"start":{"line":157,"column":4},"end":{"line":157,"column":22}},"80":{"start":{"line":159,"column":4},"end":{"line":159,"column":32}},"81":{"start":{"line":161,"column":4},"end":{"line":161,"column":14}},"82":{"start":{"line":166,"column":0},"end":{"line":177,"column":3}},"83":{"start":{"line":167,"column":2},"end":{"line":176,"column":3}},"84":{"start":{"line":168,"column":4},"end":{"line":170,"column":5}},"85":{"start":{"line":169,"column":6},"end":{"line":169,"column":67}},"86":{"start":{"line":171,"column":53},"end":{"line":171,"column":61}},"87":{"start":{"line":172,"column":17},"end":{"line":172,"column":91}},"88":{"start":{"line":173,"column":4},"end":{"line":173,"column":37}},"89":{"start":{"line":175,"column":4},"end":{"line":175,"column":14}},"90":{"start":{"line":179,"column":0},"end":{"line":179,"column":24}}},"fnMap":{"0":{"name":"(anonymous_0)","decl":{"start":{"line":16,"column":25},"end":{"line":16,"column":26}},"loc":{"start":{"line":16,"column":58},"end":{"line":20,"column":1}},"line":16},"1":{"name":"(anonymous_1)","decl":{"start":{"line":23,"column":25},"end":{"line":23,"column":26}},"loc":{"start":{"line":23,"column":51},"end":{"line":41,"column":1}},"line":23},"2":{"name":"(anonymous_2)","decl":{"start":{"line":44,"column":22},"end":{"line":44,"column":23}},"loc":{"start":{"line":44,"column":48},"end":{"line":68,"column":1}},"line":44},"3":{"name":"(anonymous_3)","decl":{"start":{"line":71,"column":28},"end":{"line":71,"column":29}},"loc":{"start":{"line":71,"column":54},"end":{"line":84,"column":1}},"line":71},"4":{"name":"(anonymous_4)","decl":{"start":{"line":87,"column":27},"end":{"line":87,"column":28}},"loc":{"start":{"line":87,"column":53},"end":{"line":94,"column":1}},"line":87},"5":{"name":"(anonymous_5)","decl":{"start":{"line":97,"column":41},"end":{"line":97,"column":42}},"loc":{"start":{"line":97,"column":67},"end":{"line":113,"column":1}},"line":97},"6":{"name":"(anonymous_6)","decl":{"start":{"line":101,"column":26},"end":{"line":101,"column":27}},"loc":{"start":{"line":101,"column":35},"end":{"line":103,"column":5}},"line":101},"7":{"name":"(anonymous_7)","decl":{"start":{"line":116,"column":32},"end":{"line":116,"column":33}},"loc":{"start":{"line":116,"column":58},"end":{"line":135,"column":1}},"line":116},"8":{"name":"(anonymous_8)","decl":{"start":{"line":138,"column":38},"end":{"line":138,"column":39}},"loc":{"start":{"line":138,"column":64},"end":{"line":163,"column":1}},"line":138},"9":{"name":"(anonymous_9)","decl":{"start":{"line":166,"column":47},"end":{"line":166,"column":48}},"loc":{"start":{"line":166,"column":73},"end":{"line":177,"column":1}},"line":166}},"branchMap":{"0":{"loc":{"start":{"line":16,"column":37},"end":{"line":16,"column":53}},"type":"default-arg","locations":[{"start":{"line":16,"column":50},"end":{"line":16,"column":53}}],"line":16},"1":{"loc":{"start":{"line":28,"column":4},"end":{"line":30,"column":5}},"type":"if","locations":[{"start":{"line":28,"column":4},"end":{"line":30,"column":5}},{"start":{},"end":{}}],"line":28},"2":{"loc":{"start":{"line":48,"column":4},"end":{"line":50,"column":5}},"type":"if","locations":[{"start":{"line":48,"column":4},"end":{"line":50,"column":5}},{"start":{},"end":{}}],"line":48},"3":{"loc":{"start":{"line":48,"column":8},"end":{"line":48,"column":27}},"type":"binary-expr","locations":[{"start":{"line":48,"column":8},"end":{"line":48,"column":14}},{"start":{"line":48,"column":18},"end":{"line":48,"column":27}}],"line":48},"4":{"loc":{"start":{"line":53,"column":4},"end":{"line":55,"column":5}},"type":"if","locations":[{"start":{"line":53,"column":4},"end":{"line":55,"column":5}},{"start":{},"end":{}}],"line":53},"5":{"loc":{"start":{"line":53,"column":8},"end":{"line":53,"column":56}},"type":"binary-expr","locations":[{"start":{"line":53,"column":8},"end":{"line":53,"column":13}},{"start":{"line":53,"column":17},"end":{"line":53,"column":56}}],"line":53},"6":{"loc":{"start":{"line":57,"column":4},"end":{"line":59,"column":5}},"type":"if","locations":[{"start":{"line":57,"column":4},"end":{"line":59,"column":5}},{"start":{},"end":{}}],"line":57},"7":{"loc":{"start":{"line":76,"column":4},"end":{"line":78,"column":5}},"type":"if","locations":[{"start":{"line":76,"column":4},"end":{"line":78,"column":5}},{"start":{},"end":{}}],"line":76},"8":{"loc":{"start":{"line":76,"column":8},"end":{"line":76,"column":56}},"type":"binary-expr","locations":[{"start":{"line":76,"column":8},"end":{"line":76,"column":13}},{"start":{"line":76,"column":17},"end":{"line":76,"column":56}}],"line":76},"9":{"loc":{"start":{"line":102,"column":6},"end":{"line":102,"column":74}},"type":"if","locations":[{"start":{"line":102,"column":6},"end":{"line":102,"column":74}},{"start":{},"end":{}}],"line":102},"10":{"loc":{"start":{"line":119,"column":4},"end":{"line":122,"column":5}},"type":"if","locations":[{"start":{"line":119,"column":4},"end":{"line":122,"column":5}},{"start":{},"end":{}}],"line":119},"11":{"loc":{"start":{"line":150,"column":4},"end":{"line":152,"column":5}},"type":"if","locations":[{"start":{"line":150,"column":4},"end":{"line":152,"column":5}},{"start":{},"end":{}}],"line":150},"12":{"loc":{"start":{"line":168,"column":4},"end":{"line":170,"column":5}},"type":"if","locations":[{"start":{"line":168,"column":4},"end":{"line":170,"column":5}},{"start":{},"end":{}}],"line":168}},"s":{"0":2,"1":2,"2":2,"3":2,"4":2,"5":2,"6":2,"7":2,"8":2,"9":2,"10":2,"11":2,"12":2,"13":1,"14":1,"15":1,"16":1,"17":0,"18":1,"19":1,"20":1,"21":0,"22":2,"23":1,"24":1,"25":1,"26":0,"27":1,"28":1,"29":0,"30":1,"31":0,"32":1,"33":1,"34":1,"35":0,"36":2,"37":0,"38":0,"39":0,"40":0,"41":0,"42":0,"43":0,"44":2,"45":0,"46":0,"47":0,"48":0,"49":2,"50":0,"51":0,"52":0,"53":0,"54":0,"55":0,"56":0,"57":0,"58":0,"59":2,"60":0,"61":0,"62":0,"63":0,"64":0,"65":0,"66":0,"67":0,"68":0,"69":0,"70":2,"71":0,"72":0,"73":0,"74":0,"75":0,"76":0,"77":0,"78":0,"79":0,"80":0,"81":0,"82":2,"83":0,"84":0,"85":0,"86":0,"87":0,"88":0,"89":0,"90":2},"f":{"0":2,"1":1,"2":1,"3":0,"4":0,"5":0,"6":0,"7":0,"8":0,"9":0},"b":{"0":[1],"1":[0,1],"2":[0,1],"3":[1,1],"4":[0,1],"5":[1,1],"6":[0,1],"7":[0,0],"8":[0,0],"9":[0,0],"10":[0,0],"11":[0,0],"12":[0,0]},"_coverageSchema":"1a1c01bbd47fc00a2c39e90264f33305004495a9","hash":"fd2f6f05d83d04718badd4dce576cedddb2fe166"}
,"/media/mike/Mike_s files/Software Engineering/AceNursing/backend/routes/orders.js": {"path":"/media/mike/Mike_s files/Software Engineering/AceNursing/backend/routes/orders.js","statementMap":{"0":{"start":{"line":1,"column":16},"end":{"line":1,"column":34}},"1":{"start":{"line":2,"column":15},"end":{"line":2,"column":31}},"2":{"start":{"line":3,"column":14},"end":{"line":3,"column":40}},"3":{"start":{"line":4,"column":32},"end":{"line":4,"column":61}},"4":{"start":{"line":7,"column":0},"end":{"line":7,"column":41}},"5":{"start":{"line":10,"column":0},"end":{"line":39,"column":3}},"6":{"start":{"line":11,"column":2},"end":{"line":38,"column":3}},"7":{"start":{"line":12,"column":53},"end":{"line":12,"column":62}},"8":{"start":{"line":13,"column":19},"end":{"line":13,"column":21}},"9":{"start":{"line":15,"column":4},"end":{"line":15,"column":39}},"10":{"start":{"line":15,"column":16},"end":{"line":15,"column":39}},"11":{"start":{"line":16,"column":4},"end":{"line":22,"column":5}},"12":{"start":{"line":17,"column":6},"end":{"line":21,"column":8}},"13":{"start":{"line":24,"column":17},"end":{"line":24,"column":51}},"14":{"start":{"line":25,"column":28},"end":{"line":33,"column":6}},"15":{"start":{"line":35,"column":4},"end":{"line":35,"column":93}},"16":{"start":{"line":37,"column":4},"end":{"line":37,"column":14}},"17":{"start":{"line":42,"column":0},"end":{"line":74,"column":3}},"18":{"start":{"line":43,"column":2},"end":{"line":73,"column":3}},"19":{"start":{"line":44,"column":55},"end":{"line":60,"column":6}},"20":{"start":{"line":62,"column":4},"end":{"line":70,"column":7}},"21":{"start":{"line":72,"column":4},"end":{"line":72,"column":14}},"22":{"start":{"line":77,"column":0},"end":{"line":87,"column":3}},"23":{"start":{"line":78,"column":2},"end":{"line":86,"column":3}},"24":{"start":{"line":79,"column":18},"end":{"line":81,"column":52}},"25":{"start":{"line":82,"column":4},"end":{"line":82,"column":75}},"26":{"start":{"line":82,"column":16},"end":{"line":82,"column":75}},"27":{"start":{"line":83,"column":4},"end":{"line":83,"column":24}},"28":{"start":{"line":85,"column":4},"end":{"line":85,"column":14}},"29":{"start":{"line":90,"column":0},"end":{"line":102,"column":3}},"30":{"start":{"line":91,"column":2},"end":{"line":101,"column":3}},"31":{"start":{"line":92,"column":20},"end":{"line":92,"column":39}},"32":{"start":{"line":93,"column":20},"end":{"line":93,"column":22}},"33":{"start":{"line":94,"column":4},"end":{"line":94,"column":87}},"34":{"start":{"line":94,"column":27},"end":{"line":94,"column":83}},"35":{"start":{"line":94,"column":58},"end":{"line":94,"column":83}},"36":{"start":{"line":96,"column":18},"end":{"line":96,"column":86}},"37":{"start":{"line":97,"column":4},"end":{"line":97,"column":75}},"38":{"start":{"line":97,"column":16},"end":{"line":97,"column":75}},"39":{"start":{"line":98,"column":4},"end":{"line":98,"column":24}},"40":{"start":{"line":100,"column":4},"end":{"line":100,"column":14}},"41":{"start":{"line":104,"column":0},"end":{"line":104,"column":24}}},"fnMap":{"0":{"name":"(anonymous_0)","decl":{"start":{"line":10,"column":16},"end":{"line":10,"column":17}},"loc":{"start":{"line":10,"column":42},"end":{"line":39,"column":1}},"line":10},"1":{"name":"(anonymous_1)","decl":{"start":{"line":42,"column":21},"end":{"line":42,"column":22}},"loc":{"start":{"line":42,"column":47},"end":{"line":74,"column":1}},"line":42},"2":{"name":"(anonymous_2)","decl":{"start":{"line":77,"column":19},"end":{"line":77,"column":20}},"loc":{"start":{"line":77,"column":45},"end":{"line":87,"column":1}},"line":77},"3":{"name":"(anonymous_3)","decl":{"start":{"line":90,"column":21},"end":{"line":90,"column":22}},"loc":{"start":{"line":90,"column":47},"end":{"line":102,"column":1}},"line":90},"4":{"name":"(anonymous_4)","decl":{"start":{"line":94,"column":20},"end":{"line":94,"column":21}},"loc":{"start":{"line":94,"column":25},"end":{"line":94,"column":85}},"line":94}},"branchMap":{"0":{"loc":{"start":{"line":12,"column":12},"end":{"line":12,"column":20}},"type":"default-arg","locations":[{"start":{"line":12,"column":19},"end":{"line":12,"column":20}}],"line":12},"1":{"loc":{"start":{"line":12,"column":22},"end":{"line":12,"column":32}},"type":"default-arg","locations":[{"start":{"line":12,"column":30},"end":{"line":12,"column":32}}],"line":12},"2":{"loc":{"start":{"line":15,"column":4},"end":{"line":15,"column":39}},"type":"if","locations":[{"start":{"line":15,"column":4},"end":{"line":15,"column":39}},{"start":{},"end":{}}],"line":15},"3":{"loc":{"start":{"line":16,"column":4},"end":{"line":22,"column":5}},"type":"if","locations":[{"start":{"line":16,"column":4},"end":{"line":22,"column":5}},{"start":{},"end":{}}],"line":16},"4":{"loc":{"start":{"line":64,"column":20},"end":{"line":64,"column":42}},"type":"binary-expr","locations":[{"start":{"line":64,"column":20},"end":{"line":64,"column":37}},{"start":{"line":64,"column":41},"end":{"line":64,"column":42}}],"line":64},"5":{"loc":{"start":{"line":67,"column":17},"end":{"line":67,"column":41}},"type":"binary-expr","locations":[{"start":{"line":67,"column":17},"end":{"line":67,"column":36}},{"start":{"line":67,"column":40},"end":{"line":67,"column":41}}],"line":67},"6":{"loc":{"start":{"line":68,"column":16},"end":{"line":68,"column":40}},"type":"binary-expr","locations":[{"start":{"line":68,"column":16},"end":{"line":68,"column":35}},{"start":{"line":68,"column":39},"end":{"line":68,"column":40}}],"line":68},"7":{"loc":{"start":{"line":82,"column":4},"end":{"line":82,"column":75}},"type":"if","locations":[{"start":{"line":82,"column":4},"end":{"line":82,"column":75}},{"start":{},"end":{}}],"line":82},"8":{"loc":{"start":{"line":94,"column":27},"end":{"line":94,"column":83}},"type":"if","locations":[{"start":{"line":94,"column":27},"end":{"line":94,"column":83}},{"start":{},"end":{}}],"line":94},"9":{"loc":{"start":{"line":97,"column":4},"end":{"line":97,"column":75}},"type":"if","locations":[{"start":{"line":97,"column":4},"end":{"line":97,"column":75}},{"start":{},"end":{}}],"line":97}},"s":{"0":2,"1":2,"2":2,"3":2,"4":2,"5":2,"6":0,"7":0,"8":0,"9":0,"10":0,"11":0,"12":0,"13":0,"14":0,"15":0,"16":0,"17":2,"18":0,"19":0,"20":0,"21":0,"22":2,"23":0,"24":0,"25":0,"26":0,"27":0,"28":0,"29":2,"30":0,"31":0,"32":0,"33":0,"34":0,"35":0,"36":0,"37":0,"38":0,"39":0,"40":0,"41":2},"f":{"0":0,"1":0,"2":0,"3":0,"4":0},"b":{"0":[0],"1":[0],"2":[0,0],"3":[0,0],"4":[0,0],"5":[0,0],"6":[0,0],"7":[0,0],"8":[0,0],"9":[0,0]},"_coverageSchema":"1a1c01bbd47fc00a2c39e90264f33305004495a9","hash":"e5127611503dbb5d094ac1edc4b2985e80355998"}
,"/media/mike/Mike_s files/Software Engineering/AceNursing/backend/routes/payments.js": {"path":"/media/mike/Mike_s files/Software Engineering/AceNursing/backend/routes/payments.js","statementMap":{"0":{"start":{"line":1,"column":16},"end":{"line":1,"column":34}},"1":{"start":{"line":2,"column":15},"end":{"line":2,"column":31}},"2":{"start":{"line":3,"column":15},"end":{"line":3,"column":32}},"3":{"start":{"line":4,"column":14},"end":{"line":4,"column":40}},"4":{"start":{"line":5,"column":16},"end":{"line":5,"column":44}},"5":{"start":{"line":6,"column":13},"end":{"line":6,"column":38}},"6":{"start":{"line":7,"column":34},"end":{"line":7,"column":63}},"7":{"start":{"line":8,"column":50},"end":{"line":8,"column":77}},"8":{"start":{"line":9,"column":33},"end":{"line":9,"column":55}},"9":{"start":{"line":10,"column":55},"end":{"line":10,"column":80}},"10":{"start":{"line":14,"column":0},"end":{"line":78,"column":3}},"11":{"start":{"line":15,"column":2},"end":{"line":77,"column":3}},"12":{"start":{"line":16,"column":36},"end":{"line":16,"column":44}},"13":{"start":{"line":18,"column":4},"end":{"line":20,"column":5}},"14":{"start":{"line":19,"column":6},"end":{"line":19,"column":63}},"15":{"start":{"line":23,"column":23},"end":{"line":23,"column":50}},"16":{"start":{"line":23,"column":38},"end":{"line":23,"column":49}},"17":{"start":{"line":24,"column":21},"end":{"line":24,"column":85}},"18":{"start":{"line":26,"column":4},"end":{"line":28,"column":5}},"19":{"start":{"line":27,"column":6},"end":{"line":27,"column":86}},"20":{"start":{"line":30,"column":23},"end":{"line":40,"column":6}},"21":{"start":{"line":31,"column":22},"end":{"line":31,"column":77}},"22":{"start":{"line":31,"column":41},"end":{"line":31,"column":76}},"23":{"start":{"line":32,"column":6},"end":{"line":39,"column":8}},"24":{"start":{"line":42,"column":21},"end":{"line":42,"column":81}},"25":{"start":{"line":42,"column":51},"end":{"line":42,"column":77}},"26":{"start":{"line":43,"column":18},"end":{"line":43,"column":50}},"27":{"start":{"line":46,"column":18},"end":{"line":56,"column":6}},"28":{"start":{"line":59,"column":24},"end":{"line":64,"column":6}},"29":{"start":{"line":67,"column":4},"end":{"line":67,"column":49}},"30":{"start":{"line":68,"column":4},"end":{"line":68,"column":23}},"31":{"start":{"line":70,"column":4},"end":{"line":74,"column":7}},"32":{"start":{"line":76,"column":4},"end":{"line":76,"column":14}},"33":{"start":{"line":82,"column":0},"end":{"line":188,"column":3}},"34":{"start":{"line":83,"column":2},"end":{"line":187,"column":3}},"35":{"start":{"line":84,"column":39},"end":{"line":84,"column":47}},"36":{"start":{"line":86,"column":4},"end":{"line":88,"column":5}},"37":{"start":{"line":87,"column":6},"end":{"line":87,"column":82}},"38":{"start":{"line":91,"column":18},"end":{"line":91,"column":73}},"39":{"start":{"line":92,"column":4},"end":{"line":92,"column":75}},"40":{"start":{"line":92,"column":16},"end":{"line":92,"column":75}},"41":{"start":{"line":94,"column":4},"end":{"line":96,"column":5}},"42":{"start":{"line":95,"column":6},"end":{"line":95,"column":73}},"43":{"start":{"line":99,"column":20},"end":{"line":99,"column":59}},"44":{"start":{"line":101,"column":4},"end":{"line":105,"column":5}},"45":{"start":{"line":102,"column":6},"end":{"line":102,"column":38}},"46":{"start":{"line":103,"column":6},"end":{"line":103,"column":25}},"47":{"start":{"line":104,"column":6},"end":{"line":104,"column":91}},"48":{"start":{"line":108,"column":24},"end":{"line":108,"column":49}},"49":{"start":{"line":109,"column":27},"end":{"line":109,"column":59}},"50":{"start":{"line":112,"column":4},"end":{"line":112,"column":39}},"51":{"start":{"line":113,"column":4},"end":{"line":113,"column":54}},"52":{"start":{"line":114,"column":4},"end":{"line":114,"column":58}},"53":{"start":{"line":115,"column":4},"end":{"line":115,"column":52}},"54":{"start":{"line":116,"column":4},"end":{"line":116,"column":38}},"55":{"start":{"line":117,"column":4},"end":{"line":117,"column":31}},"56":{"start":{"line":120,"column":26},"end":{"line":120,"column":28}},"57":{"start":{"line":122,"column":4},"end":{"line":149,"column":5}},"58":{"start":{"line":123,"column":20},"end":{"line":123,"column":58}},"59":{"start":{"line":124,"column":21},"end":{"line":124,"column":68}},"60":{"start":{"line":126,"column":6},"end":{"line":126,"column":33}},"61":{"start":{"line":127,"column":6},"end":{"line":127,"column":35}},"62":{"start":{"line":130,"column":24},"end":{"line":130,"column":71}},"63":{"start":{"line":132,"column":6},"end":{"line":136,"column":7}},"64":{"start":{"line":133,"column":8},"end":{"line":135,"column":10}},"65":{"start":{"line":134,"column":16},"end":{"line":134,"column":63}},"66":{"start":{"line":138,"column":6},"end":{"line":143,"column":9}},"67":{"start":{"line":146,"column":6},"end":{"line":148,"column":9}},"68":{"start":{"line":152,"column":4},"end":{"line":163,"column":5}},"69":{"start":{"line":153,"column":6},"end":{"line":162,"column":9}},"70":{"start":{"line":155,"column":46},"end":{"line":160,"column":11}},"71":{"start":{"line":165,"column":4},"end":{"line":165,"column":23}},"72":{"start":{"line":168,"column":4},"end":{"line":170,"column":28}},"73":{"start":{"line":169,"column":18},"end":{"line":169,"column":97}},"74":{"start":{"line":171,"column":4},"end":{"line":171,"column":56}},"75":{"start":{"line":173,"column":4},"end":{"line":184,"column":7}},"76":{"start":{"line":182,"column":37},"end":{"line":182,"column":77}},"77":{"start":{"line":186,"column":4},"end":{"line":186,"column":14}},"78":{"start":{"line":192,"column":0},"end":{"line":226,"column":3}},"79":{"start":{"line":193,"column":2},"end":{"line":225,"column":3}},"80":{"start":{"line":194,"column":22},"end":{"line":194,"column":32}},"81":{"start":{"line":196,"column":18},"end":{"line":199,"column":32}},"82":{"start":{"line":201,"column":4},"end":{"line":203,"column":5}},"83":{"start":{"line":202,"column":6},"end":{"line":202,"column":82}},"84":{"start":{"line":205,"column":17},"end":{"line":208,"column":5}},"85":{"start":{"line":206,"column":6},"end":{"line":207,"column":78}},"86":{"start":{"line":209,"column":4},"end":{"line":209,"column":77}},"87":{"start":{"line":209,"column":15},"end":{"line":209,"column":77}},"88":{"start":{"line":211,"column":4},"end":{"line":213,"column":5}},"89":{"start":{"line":212,"column":6},"end":{"line":212,"column":99}},"90":{"start":{"line":215,"column":20},"end":{"line":215,"column":32}},"91":{"start":{"line":216,"column":4},"end":{"line":218,"column":5}},"92":{"start":{"line":217,"column":6},"end":{"line":217,"column":88}},"93":{"start":{"line":221,"column":22},"end":{"line":221,"column":75}},"94":{"start":{"line":222,"column":4},"end":{"line":222,"column":28}},"95":{"start":{"line":224,"column":4},"end":{"line":224,"column":14}},"96":{"start":{"line":229,"column":0},"end":{"line":240,"column":3}},"97":{"start":{"line":230,"column":2},"end":{"line":239,"column":3}},"98":{"start":{"line":231,"column":19},"end":{"line":235,"column":37}},"99":{"start":{"line":236,"column":4},"end":{"line":236,"column":25}},"100":{"start":{"line":238,"column":4},"end":{"line":238,"column":14}},"101":{"start":{"line":242,"column":0},"end":{"line":242,"column":24}}},"fnMap":{"0":{"name":"(anonymous_0)","decl":{"start":{"line":14,"column":50},"end":{"line":14,"column":51}},"loc":{"start":{"line":14,"column":76},"end":{"line":78,"column":1}},"line":14},"1":{"name":"(anonymous_1)","decl":{"start":{"line":23,"column":33},"end":{"line":23,"column":34}},"loc":{"start":{"line":23,"column":38},"end":{"line":23,"column":49}},"line":23},"2":{"name":"(anonymous_2)","decl":{"start":{"line":30,"column":33},"end":{"line":30,"column":34}},"loc":{"start":{"line":30,"column":41},"end":{"line":40,"column":5}},"line":30},"3":{"name":"(anonymous_3)","decl":{"start":{"line":31,"column":36},"end":{"line":31,"column":37}},"loc":{"start":{"line":31,"column":41},"end":{"line":31,"column":76}},"line":31},"4":{"name":"(anonymous_4)","decl":{"start":{"line":42,"column":39},"end":{"line":42,"column":40}},"loc":{"start":{"line":42,"column":51},"end":{"line":42,"column":77}},"line":42},"5":{"name":"(anonymous_5)","decl":{"start":{"line":82,"column":45},"end":{"line":82,"column":46}},"loc":{"start":{"line":82,"column":71},"end":{"line":188,"column":1}},"line":82},"6":{"name":"(anonymous_6)","decl":{"start":{"line":134,"column":10},"end":{"line":134,"column":11}},"loc":{"start":{"line":134,"column":16},"end":{"line":134,"column":63}},"line":134},"7":{"name":"(anonymous_7)","decl":{"start":{"line":155,"column":37},"end":{"line":155,"column":38}},"loc":{"start":{"line":155,"column":46},"end":{"line":160,"column":11}},"line":155},"8":{"name":"(anonymous_8)","decl":{"start":{"line":169,"column":12},"end":{"line":169,"column":13}},"loc":{"start":{"line":169,"column":18},"end":{"line":169,"column":97}},"line":169},"9":{"name":"(anonymous_9)","decl":{"start":{"line":169,"column":88},"end":{"line":169,"column":89}},"loc":{"start":{"line":169,"column":94},"end":{"line":169,"column":96}},"line":169},"10":{"name":"(anonymous_10)","decl":{"start":{"line":182,"column":31},"end":{"line":182,"column":32}},"loc":{"start":{"line":182,"column":37},"end":{"line":182,"column":77}},"line":182},"11":{"name":"(anonymous_11)","decl":{"start":{"line":192,"column":31},"end":{"line":192,"column":32}},"loc":{"start":{"line":192,"column":57},"end":{"line":226,"column":1}},"line":192},"12":{"name":"(anonymous_12)","decl":{"start":{"line":205,"column":34},"end":{"line":205,"column":35}},"loc":{"start":{"line":206,"column":6},"end":{"line":207,"column":78}},"line":206},"13":{"name":"(anonymous_13)","decl":{"start":{"line":229,"column":31},"end":{"line":229,"column":32}},"loc":{"start":{"line":229,"column":57},"end":{"line":240,"column":1}},"line":229}},"branchMap":{"0":{"loc":{"start":{"line":18,"column":4},"end":{"line":20,"column":5}},"type":"if","locations":[{"start":{"line":18,"column":4},"end":{"line":20,"column":5}},{"start":{},"end":{}}],"line":18},"1":{"loc":{"start":{"line":26,"column":4},"end":{"line":28,"column":5}},"type":"if","locations":[{"start":{"line":26,"column":4},"end":{"line":28,"column":5}},{"start":{},"end":{}}],"line":26},"2":{"loc":{"start":{"line":36,"column":18},"end":{"line":36,"column":44}},"type":"binary-expr","locations":[{"start":{"line":36,"column":18},"end":{"line":36,"column":39}},{"start":{"line":36,"column":43},"end":{"line":36,"column":44}}],"line":36},"3":{"loc":{"start":{"line":86,"column":4},"end":{"line":88,"column":5}},"type":"if","locations":[{"start":{"line":86,"column":4},"end":{"line":88,"column":5}},{"start":{},"end":{}}],"line":86},"4":{"loc":{"start":{"line":86,"column":8},"end":{"line":86,"column":34}},"type":"binary-expr","locations":[{"start":{"line":86,"column":8},"end":{"line":86,"column":22}},{"start":{"line":86,"column":26},"end":{"line":86,"column":34}}],"line":86},"5":{"loc":{"start":{"line":92,"column":4},"end":{"line":92,"column":75}},"type":"if","locations":[{"start":{"line":92,"column":4},"end":{"line":92,"column":75}},{"start":{},"end":{}}],"line":92},"6":{"loc":{"start":{"line":94,"column":4},"end":{"line":96,"column":5}},"type":"if","locations":[{"start":{"line":94,"column":4},"end":{"line":96,"column":5}},{"start":{},"end":{}}],"line":94},"7":{"loc":{"start":{"line":101,"column":4},"end":{"line":105,"column":5}},"type":"if","locations":[{"start":{"line":101,"column":4},"end":{"line":105,"column":5}},{"start":{},"end":{}}],"line":101},"8":{"loc":{"start":{"line":132,"column":6},"end":{"line":136,"column":7}},"type":"if","locations":[{"start":{"line":132,"column":6},"end":{"line":136,"column":7}},{"start":{},"end":{}}],"line":132},"9":{"loc":{"start":{"line":146,"column":38},"end":{"line":146,"column":71}},"type":"binary-expr","locations":[{"start":{"line":146,"column":38},"end":{"line":146,"column":55}},{"start":{"line":146,"column":59},"end":{"line":146,"column":71}}],"line":146},"10":{"loc":{"start":{"line":152,"column":4},"end":{"line":163,"column":5}},"type":"if","locations":[{"start":{"line":152,"column":4},"end":{"line":163,"column":5}},{"start":{},"end":{}}],"line":152},"11":{"loc":{"start":{"line":156,"column":21},"end":{"line":156,"column":54}},"type":"binary-expr","locations":[{"start":{"line":156,"column":21},"end":{"line":156,"column":38}},{"start":{"line":156,"column":42},"end":{"line":156,"column":54}}],"line":156},"12":{"loc":{"start":{"line":201,"column":4},"end":{"line":203,"column":5}},"type":"if","locations":[{"start":{"line":201,"column":4},"end":{"line":203,"column":5}},{"start":{},"end":{}}],"line":201},"13":{"loc":{"start":{"line":206,"column":6},"end":{"line":207,"column":78}},"type":"binary-expr","locations":[{"start":{"line":206,"column":6},"end":{"line":206,"column":21}},{"start":{"line":207,"column":6},"end":{"line":207,"column":78}}],"line":206},"14":{"loc":{"start":{"line":209,"column":4},"end":{"line":209,"column":77}},"type":"if","locations":[{"start":{"line":209,"column":4},"end":{"line":209,"column":77}},{"start":{},"end":{}}],"line":209},"15":{"loc":{"start":{"line":211,"column":4},"end":{"line":213,"column":5}},"type":"if","locations":[{"start":{"line":211,"column":4},"end":{"line":213,"column":5}},{"start":{},"end":{}}],"line":211},"16":{"loc":{"start":{"line":216,"column":4},"end":{"line":218,"column":5}},"type":"if","locations":[{"start":{"line":216,"column":4},"end":{"line":218,"column":5}},{"start":{},"end":{}}],"line":216}},"s":{"0":2,"1":2,"2":2,"3":2,"4":2,"5":2,"6":2,"7":2,"8":2,"9":2,"10":2,"11":0,"12":0,"13":0,"14":0,"15":0,"16":0,"17":0,"18":0,"19":0,"20":0,"21":0,"22":0,"23":0,"24":0,"25":0,"26":0,"27":0,"28":0,"29":0,"30":0,"31":0,"32":0,"33":2,"34":0,"35":0,"36":0,"37":0,"38":0,"39":0,"40":0,"41":0,"42":0,"43":0,"44":0,"45":0,"46":0,"47":0,"48":0,"49":0,"50":0,"51":0,"52":0,"53":0,"54":0,"55":0,"56":0,"57":0,"58":0,"59":0,"60":0,"61":0,"62":0,"63":0,"64":0,"65":0,"66":0,"67":0,"68":0,"69":0,"70":0,"71":0,"72":0,"73":0,"74":0,"75":0,"76":0,"77":0,"78":2,"79":0,"80":0,"81":0,"82":0,"83":0,"84":0,"85":0,"86":0,"87":0,"88":0,"89":0,"90":0,"91":0,"92":0,"93":0,"94":0,"95":0,"96":2,"97":0,"98":0,"99":0,"100":0,"101":2},"f":{"0":0,"1":0,"2":0,"3":0,"4":0,"5":0,"6":0,"7":0,"8":0,"9":0,"10":0,"11":0,"12":0,"13":0},"b":{"0":[0,0],"1":[0,0],"2":[0,0],"3":[0,0],"4":[0,0],"5":[0,0],"6":[0,0],"7":[0,0],"8":[0,0],"9":[0,0],"10":[0,0],"11":[0,0],"12":[0,0],"13":[0,0],"14":[0,0],"15":[0,0],"16":[0,0]},"_coverageSchema":"1a1c01bbd47fc00a2c39e90264f33305004495a9","hash":"9d531e66b34e8e6a213d1b5f3f3b6ca5c123e5be"}
,"/media/mike/Mike_s files/Software Engineering/AceNursing/backend/routes/products.js": {"path":"/media/mike/Mike_s files/Software Engineering/AceNursing/backend/routes/products.js","statementMap":{"0":{"start":{"line":1,"column":16},"end":{"line":1,"column":34}},"1":{"start":{"line":2,"column":15},"end":{"line":2,"column":31}},"2":{"start":{"line":3,"column":16},"end":{"line":3,"column":44}},"3":{"start":{"line":4,"column":46},"end":{"line":4,"column":75}},"4":{"start":{"line":7,"column":0},"end":{"line":17,"column":3}},"5":{"start":{"line":8,"column":2},"end":{"line":16,"column":3}},"6":{"start":{"line":9,"column":21},"end":{"line":12,"column":25}},"7":{"start":{"line":13,"column":4},"end":{"line":13,"column":27}},"8":{"start":{"line":15,"column":4},"end":{"line":15,"column":14}},"9":{"start":{"line":20,"column":0},"end":{"line":81,"column":3}},"10":{"start":{"line":21,"column":2},"end":{"line":80,"column":3}},"11":{"start":{"line":31,"column":8},"end":{"line":31,"column":17}},"12":{"start":{"line":33,"column":19},"end":{"line":33,"column":37}},"13":{"start":{"line":35,"column":4},"end":{"line":35,"column":67}},"14":{"start":{"line":35,"column":40},"end":{"line":35,"column":67}},"15":{"start":{"line":36,"column":4},"end":{"line":36,"column":52}},"16":{"start":{"line":36,"column":29},"end":{"line":36,"column":52}},"17":{"start":{"line":37,"column":4},"end":{"line":41,"column":5}},"18":{"start":{"line":38,"column":6},"end":{"line":38,"column":24}},"19":{"start":{"line":39,"column":6},"end":{"line":39,"column":57}},"20":{"start":{"line":39,"column":20},"end":{"line":39,"column":57}},"21":{"start":{"line":40,"column":6},"end":{"line":40,"column":57}},"22":{"start":{"line":40,"column":20},"end":{"line":40,"column":57}},"23":{"start":{"line":42,"column":4},"end":{"line":44,"column":5}},"24":{"start":{"line":43,"column":6},"end":{"line":43,"column":41}},"25":{"start":{"line":47,"column":20},"end":{"line":54,"column":5}},"26":{"start":{"line":55,"column":20},"end":{"line":55,"column":41}},"27":{"start":{"line":57,"column":17},"end":{"line":57,"column":51}},"28":{"start":{"line":59,"column":30},"end":{"line":67,"column":6}},"29":{"start":{"line":69,"column":4},"end":{"line":77,"column":7}},"30":{"start":{"line":79,"column":4},"end":{"line":79,"column":14}},"31":{"start":{"line":84,"column":0},"end":{"line":95,"column":3}},"32":{"start":{"line":85,"column":2},"end":{"line":94,"column":3}},"33":{"start":{"line":86,"column":21},"end":{"line":90,"column":13}},"34":{"start":{"line":91,"column":4},"end":{"line":91,"column":27}},"35":{"start":{"line":93,"column":4},"end":{"line":93,"column":14}},"36":{"start":{"line":98,"column":0},"end":{"line":114,"column":3}},"37":{"start":{"line":99,"column":2},"end":{"line":113,"column":3}},"38":{"start":{"line":100,"column":20},"end":{"line":106,"column":25}},"39":{"start":{"line":108,"column":4},"end":{"line":108,"column":79}},"40":{"start":{"line":108,"column":18},"end":{"line":108,"column":79}},"41":{"start":{"line":110,"column":4},"end":{"line":110,"column":26}},"42":{"start":{"line":112,"column":4},"end":{"line":112,"column":14}},"43":{"start":{"line":117,"column":0},"end":{"line":127,"column":3}},"44":{"start":{"line":118,"column":2},"end":{"line":126,"column":3}},"45":{"start":{"line":119,"column":20},"end":{"line":122,"column":6}},"46":{"start":{"line":123,"column":4},"end":{"line":123,"column":38}},"47":{"start":{"line":125,"column":4},"end":{"line":125,"column":14}},"48":{"start":{"line":130,"column":0},"end":{"line":147,"column":3}},"49":{"start":{"line":131,"column":2},"end":{"line":146,"column":3}},"50":{"start":{"line":132,"column":22},"end":{"line":132,"column":80}},"51":{"start":{"line":133,"column":21},"end":{"line":135,"column":5}},"52":{"start":{"line":134,"column":47},"end":{"line":134,"column":64}},"53":{"start":{"line":137,"column":20},"end":{"line":140,"column":6}},"54":{"start":{"line":141,"column":4},"end":{"line":141,"column":79}},"55":{"start":{"line":141,"column":18},"end":{"line":141,"column":79}},"56":{"start":{"line":143,"column":4},"end":{"line":143,"column":26}},"57":{"start":{"line":145,"column":4},"end":{"line":145,"column":14}},"58":{"start":{"line":150,"column":0},"end":{"line":158,"column":3}},"59":{"start":{"line":151,"column":2},"end":{"line":157,"column":3}},"60":{"start":{"line":152,"column":20},"end":{"line":152,"column":87}},"61":{"start":{"line":153,"column":4},"end":{"line":153,"column":79}},"62":{"start":{"line":153,"column":18},"end":{"line":153,"column":79}},"63":{"start":{"line":154,"column":4},"end":{"line":154,"column":59}},"64":{"start":{"line":156,"column":4},"end":{"line":156,"column":14}},"65":{"start":{"line":161,"column":0},"end":{"line":191,"column":3}},"66":{"start":{"line":162,"column":2},"end":{"line":190,"column":3}},"67":{"start":{"line":163,"column":32},"end":{"line":163,"column":40}},"68":{"start":{"line":164,"column":4},"end":{"line":166,"column":5}},"69":{"start":{"line":165,"column":6},"end":{"line":165,"column":80}},"70":{"start":{"line":168,"column":20},"end":{"line":168,"column":57}},"71":{"start":{"line":169,"column":4},"end":{"line":169,"column":79}},"72":{"start":{"line":169,"column":18},"end":{"line":169,"column":79}},"73":{"start":{"line":171,"column":28},"end":{"line":173,"column":5}},"74":{"start":{"line":172,"column":11},"end":{"line":172,"column":56}},"75":{"start":{"line":174,"column":4},"end":{"line":176,"column":5}},"76":{"start":{"line":175,"column":6},"end":{"line":175,"column":88}},"77":{"start":{"line":178,"column":4},"end":{"line":183,"column":7}},"78":{"start":{"line":184,"column":4},"end":{"line":184,"column":27}},"79":{"start":{"line":185,"column":4},"end":{"line":185,"column":25}},"80":{"start":{"line":187,"column":4},"end":{"line":187,"column":92}},"81":{"start":{"line":189,"column":4},"end":{"line":189,"column":14}},"82":{"start":{"line":193,"column":0},"end":{"line":193,"column":24}}},"fnMap":{"0":{"name":"(anonymous_0)","decl":{"start":{"line":7,"column":55},"end":{"line":7,"column":56}},"loc":{"start":{"line":7,"column":81},"end":{"line":17,"column":1}},"line":7},"1":{"name":"(anonymous_1)","decl":{"start":{"line":20,"column":30},"end":{"line":20,"column":31}},"loc":{"start":{"line":20,"column":56},"end":{"line":81,"column":1}},"line":20},"2":{"name":"(anonymous_2)","decl":{"start":{"line":84,"column":24},"end":{"line":84,"column":25}},"loc":{"start":{"line":84,"column":50},"end":{"line":95,"column":1}},"line":84},"3":{"name":"(anonymous_3)","decl":{"start":{"line":98,"column":33},"end":{"line":98,"column":34}},"loc":{"start":{"line":98,"column":59},"end":{"line":114,"column":1}},"line":98},"4":{"name":"(anonymous_4)","decl":{"start":{"line":117,"column":47},"end":{"line":117,"column":48}},"loc":{"start":{"line":117,"column":73},"end":{"line":127,"column":1}},"line":117},"5":{"name":"(anonymous_5)","decl":{"start":{"line":130,"column":51},"end":{"line":130,"column":52}},"loc":{"start":{"line":130,"column":77},"end":{"line":147,"column":1}},"line":130},"6":{"name":"(anonymous_6)","decl":{"start":{"line":134,"column":38},"end":{"line":134,"column":39}},"loc":{"start":{"line":134,"column":47},"end":{"line":134,"column":64}},"line":134},"7":{"name":"(anonymous_7)","decl":{"start":{"line":150,"column":52},"end":{"line":150,"column":53}},"loc":{"start":{"line":150,"column":78},"end":{"line":158,"column":1}},"line":150},"8":{"name":"(anonymous_8)","decl":{"start":{"line":161,"column":37},"end":{"line":161,"column":38}},"loc":{"start":{"line":161,"column":63},"end":{"line":191,"column":1}},"line":161},"9":{"name":"(anonymous_9)","decl":{"start":{"line":172,"column":6},"end":{"line":172,"column":7}},"loc":{"start":{"line":172,"column":11},"end":{"line":172,"column":56}},"line":172}},"branchMap":{"0":{"loc":{"start":{"line":23,"column":6},"end":{"line":23,"column":14}},"type":"default-arg","locations":[{"start":{"line":23,"column":13},"end":{"line":23,"column":14}}],"line":23},"1":{"loc":{"start":{"line":24,"column":6},"end":{"line":24
[...]
column":2},"end":{"line":6,"column":17}},"5":{"start":{"line":9,"column":13},"end":{"line":9,"column":110}},"6":{"start":{"line":12,"column":21},"end":{"line":65,"column":1}},"7":{"start":{"line":12,"column":34},"end":{"line":65,"column":1}},"8":{"start":{"line":68,"column":0},"end":{"line":128,"column":2}},"9":{"start":{"line":69,"column":20},"end":{"line":81,"column":13}},"10":{"start":{"line":71,"column":16},"end":{"line":79,"column":11}},"11":{"start":{"line":83,"column":28},"end":{"line":92,"column":13}},"12":{"start":{"line":85,"column":16},"end":{"line":90,"column":11}},"13":{"start":{"line":94,"column":18},"end":{"line":120,"column":3}},"14":{"start":{"line":122,"column":2},"end":{"line":127,"column":5}},"15":{"start":{"line":131,"column":0},"end":{"line":148,"column":2}},"16":{"start":{"line":132,"column":18},"end":{"line":140,"column":3}},"17":{"start":{"line":142,"column":2},"end":{"line":147,"column":5}},"18":{"start":{"line":151,"column":0},"end":{"line":171,"column":2}},"19":{"start":{"line":152,"column":18},"end":{"line":163,"column":3}},"20":{"start":{"line":165,"column":2},"end":{"line":170,"column":5}},"21":{"start":{"line":174,"column":0},"end":{"line":194,"column":2}},"22":{"start":{"line":175,"column":2},"end":{"line":175,"column":39}},"23":{"start":{"line":175,"column":32},"end":{"line":175,"column":39}},"24":{"start":{"line":177,"column":18},"end":{"line":186,"column":3}},"25":{"start":{"line":182,"column":54},"end":{"line":182,"column":81}},"26":{"start":{"line":188,"column":2},"end":{"line":193,"column":5}}},"fnMap":{"0":{"name":"(anonymous_0)","decl":{"start":{"line":4,"column":18},"end":{"line":4,"column":19}},"loc":{"start":{"line":4,"column":24},"end":{"line":7,"column":1}},"line":4},"1":{"name":"(anonymous_1)","decl":{"start":{"line":12,"column":21},"end":{"line":12,"column":22}},"loc":{"start":{"line":12,"column":34},"end":{"line":65,"column":1}},"line":12},"2":{"name":"(anonymous_2)","decl":{"start":{"line":68,"column":32},"end":{"line":68,"column":33}},"loc":{"start":{"line":68,"column":68},"end":{"line":128,"column":1}},"line":68},"3":{"name":"(anonymous_3)","decl":{"start":{"line":71,"column":6},"end":{"line":71,"column":7}},"loc":{"start":{"line":71,"column":16},"end":{"line":79,"column":11}},"line":71},"4":{"name":"(anonymous_4)","decl":{"start":{"line":85,"column":6},"end":{"line":85,"column":7}},"loc":{"start":{"line":85,"column":16},"end":{"line":90,"column":11}},"line":85},"5":{"name":"(anonymous_5)","decl":{"start":{"line":131,"column":27},"end":{"line":131,"column":28}},"loc":{"start":{"line":131,"column":47},"end":{"line":148,"column":1}},"line":131},"6":{"name":"(anonymous_6)","decl":{"start":{"line":151,"column":33},"end":{"line":151,"column":34}},"loc":{"start":{"line":151,"column":63},"end":{"line":171,"column":1}},"line":151},"7":{"name":"(anonymous_7)","decl":{"start":{"line":174,"column":30},"end":{"line":174,"column":31}},"loc":{"start":{"line":174,"column":51},"end":{"line":194,"column":1}},"line":174},"8":{"name":"(anonymous_8)","decl":{"start":{"line":182,"column":49},"end":{"line":182,"column":50}},"loc":{"start":{"line":182,"column":54},"end":{"line":182,"column":81}},"line":182}},"branchMap":{"0":{"loc":{"start":{"line":5,"column":2},"end":{"line":5,"column":65}},"type":"if","locations":[{"start":{"line":5,"column":2},"end":{"line":5,"column":65}},{"start":{},"end":{}}],"line":5},"1":{"loc":{"start":{"line":9,"column":16},"end":{"line":9,"column":53}},"type":"binary-expr","locations":[{"start":{"line":9,"column":16},"end":{"line":9,"column":37}},{"start":{"line":9,"column":41},"end":{"line":9,"column":53}}],"line":9},"2":{"loc":{"start":{"line":9,"column":58},"end":{"line":9,"column":107}},"type":"binary-expr","locations":[{"start":{"line":9,"column":58},"end":{"line":9,"column":80}},{"start":{"line":9,"column":84},"end":{"line":9,"column":107}}],"line":9},"3":{"loc":{"start":{"line":73,"column":35},"end":{"line":73,"column":53}},"type":"binary-expr","locations":[{"start":{"line":73,"column":35},"end":{"line":73,"column":45}},{"start":{"line":73,"column":49},"end":{"line":73,"column":53}}],"line":73},"4":{"loc":{"start":{"line":100,"column":80},"end":{"line":100,"column":133}},"type":"cond-expr","locations":[{"start":{"line":100,"column":116},"end":{"line":100,"column":124}},{"start":{"line":100,"column":127},"end":{"line":100,"column":133}}],"line":100},"5":{"loc":{"start":{"line":175,"column":2},"end":{"line":175,"column":39}},"type":"if","locations":[{"start":{"line":175,"column":2},"end":{"line":175,"column":39}},{"start":{},"end":{}}],"line":175}},"s":{"0":2,"1":2,"2":1,"3":1,"4":1,"5":2,"6":2,"7":1,"8":2,"9":0,"10":0,"11":0,"12":0,"13":0,"14":0,"15":2,"16":1,"17":1,"18":2,"19":0,"20":0,"21":2,"22":0,"23":0,"24":0,"25":0,"26":0},"f":{"0":1,"1":1,"2":0,"3":0,"4":0,"5":1,"6":0,"7":0,"8":0},"b":{"0":[1,0],"1":[2,0],"2":[2,0],"3":[0,0],"4":[0,0],"5":[0,0]},"_coverageSchema":"1a1c01bbd47fc00a2c39e90264f33305004495a9","hash":"672e109878bd521ae7bd29ff0bfabe510a137cdf"}
,"/media/mike/Mike_s files/Software Engineering/AceNursing/backend/utils/logger.js": {"path":"/media/mike/Mike_s files/Software Engineering/AceNursing/backend/utils/logger.js","statementMap":{"0":{"start":{"line":1,"column":11},"end":{"line":1,"column":24}},"1":{"start":{"line":2,"column":13},"end":{"line":2,"column":28}},"2":{"start":{"line":3,"column":45},"end":{"line":3,"column":63}},"3":{"start":{"line":4,"column":24},"end":{"line":4,"column":60}},"4":{"start":{"line":6,"column":15},"end":{"line":6,"column":72}},"5":{"start":{"line":8,"column":0},"end":{"line":10,"column":1}},"6":{"start":{"line":9,"column":2},"end":{"line":9,"column":44}},"7":{"start":{"line":12,"column":15},"end":{"line":12,"column":52}},"8":{"start":{"line":14,"column":15},"end":{"line":48,"column":2}},"9":{"start":{"line":21,"column":25},"end":{"line":21,"column":77}},"10":{"start":{"line":22,"column":6},"end":{"line":22,"column":115}},"11":{"start":{"line":54,"column":2},"end":{"line":54,"column":37}},"12":{"start":{"line":54,"column":23},"end":{"line":54,"column":37}},"13":{"start":{"line":55,"column":2},"end":{"line":55,"column":45}},"14":{"start":{"line":58,"column":0},"end":{"line":58,"column":41}}},"fnMap":{"0":{"name":"(anonymous_0)","decl":{"start":{"line":20,"column":18},"end":{"line":20,"column":19}},"loc":{"start":{"line":20,"column":69},"end":{"line":23,"column":5}},"line":20},"1":{"name":"childLogger","decl":{"start":{"line":53,"column":9},"end":{"line":53,"column":20}},"loc":{"start":{"line":53,"column":26},"end":{"line":56,"column":1}},"line":53}},"branchMap":{"0":{"loc":{"start":{"line":6,"column":15},"end":{"line":6,"column":72}},"type":"binary-expr","locations":[{"start":{"line":6,"column":15},"end":{"line":6,"column":34}},{"start":{"line":6,"column":38},"end":{"line":6,"column":72}}],"line":6},"1":{"loc":{"start":{"line":8,"column":0},"end":{"line":10,"column":1}},"type":"if","locations":[{"start":{"line":8,"column":0},"end":{"line":10,"column":1}},{"start":{},"end":{}}],"line":8},"2":{"loc":{"start":{"line":15,"column":9},"end":{"line":15,"column":61}},"type":"binary-expr","locations":[{"start":{"line":15,"column":9},"end":{"line":15,"column":30}},{"start":{"line":15,"column":35},"end":{"line":15,"column":60}}],"line":15},"3":{"loc":{"start":{"line":15,"column":35},"end":{"line":15,"column":60}},"type":"cond-expr","locations":[{"start":{"line":15,"column":44},"end":{"line":15,"column":50}},{"start":{"line":15,"column":53},"end":{"line":15,"column":60}}],"line":15},"4":{"loc":{"start":{"line":21,"column":25},"end":{"line":21,"column":77}},"type":"cond-expr","locations":[{"start":{"line":21,"column":52},"end":{"line":21,"column":72}},{"start":{"line":21,"column":75},"end":{"line":21,"column":77}}],"line":21},"5":{"loc":{"start":{"line":22,"column":50},"end":{"line":22,"column":75}},"type":"cond-expr","locations":[{"start":{"line":22,"column":58},"end":{"line":22,"column":70}},{"start":{"line":22,"column":73},"end":{"line":22,"column":75}}],"line":22},"6":{"loc":{"start":{"line":22,"column":78},"end":{"line":22,"column":112}},"type":"cond-expr","locations":[{"start":{"line":22,"column":91},"end":{"line":22,"column":107}},{"start":{"line":22,"column":110},"end":{"line":22,"column":112}}],"line":22},"7":{"loc":{"start":{"line":30,"column":8},"end":{"line":45,"column":10}},"type":"cond-expr","locations":[{"start":{"line":30,"column":42},"end":{"line":45,"column":5}},{"start":{"line":45,"column":8},"end":{"line":45,"column":10}}],"line":30},"8":{"loc":{"start":{"line":54,"column":2},"end":{"line":54,"column":37}},"type":"if","locations":[{"start":{"line":54,"column":2},"end":{"line":54,"column":37}},{"start":{},"end":{}}],"line":54},"9":{"loc":{"start":{"line":54,"column":6},"end":{"line":54,"column":21}},"type":"binary-expr","locations":[{"start":{"line":54,"column":6},"end":{"line":54,"column":10}},{"start":{"line":54,"column":14},"end":{"line":54,"column":21}}],"line":54}},"s":{"0":2,"1":2,"2":2,"3":2,"4":2,"5":2,"6":0,"7":2,"8":2,"9":6,"10":6,"11":3,"12":0,"13":3,"14":2},"f":{"0":6,"1":3},"b":{"0":[2,2],"1":[0,2],"2":[2,2],"3":[0,2],"4":[6,0],"5":[0,6],"6":[6,0],"7":[0,2],"8":[0,3],"9":[3,3]},"_coverageSchema":"1a1c01bbd47fc00a2c39e90264f33305004495a9","hash":"346ed28ac8adbe6b87d1747cdd8e93eb7bbd46f0"}
,"/media/mike/Mike_s files/Software Engineering/AceNursing/backend/utils/s3.js": {"path":"/media/mike/Mike_s files/Software Engineering/AceNursing/backend/utils/s3.js","statementMap":{"0":{"start":{"line":5,"column":4},"end":{"line":5,"column":33}},"1":{"start":{"line":6,"column":25},"end":{"line":6,"column":65}},"2":{"start":{"line":7,"column":43},"end":{"line":7,"column":67}},"3":{"start":{"line":8,"column":15},"end":{"line":8,"column":32}},"4":{"start":{"line":9,"column":13},"end":{"line":9,"column":28}},"5":{"start":{"line":14,"column":0},"end":{"line":34,"column":2}},"6":{"start":{"line":15,"column":14},"end":{"line":15,"column":40}},"7":{"start":{"line":16,"column":14},"end":{"line":16,"column":86}},"8":{"start":{"line":18,"column":18},"end":{"line":24,"column":4}},"9":{"start":{"line":26,"column":2},"end":{"line":26,"column":31}},"10":{"start":{"line":28,"column":2},"end":{"line":33,"column":4}},"11":{"start":{"line":40,"column":0},"end":{"line":48,"column":2}},"12":{"start":{"line":41,"column":18},"end":{"line":45,"column":4}},"13":{"start":{"line":47,"column":2},"end":{"line":47,"column":74}},"14":{"start":{"line":53,"column":0},"end":{"line":57,"column":2}},"15":{"start":{"line":54,"column":2},"end":{"line":54,"column":19}},"16":{"start":{"line":54,"column":12},"end":{"line":54,"column":19}},"17":{"start":{"line":55,"column":18},"end":{"line":55,"column":71}},"18":{"start":{"line":56,"column":2},"end":{"line":56,"column":32}},"19":{"start":{"line":62,"column":0},"end":{"line":69,"column":2}},"20":{"start":{"line":63,"column":2},"end":{"line":68,"column":5}}},"fnMap":{"0":{"name":"(anonymous_0)","decl":{"start":{"line":14,"column":21},"end":{"line":14,"column":22}},"loc":{"start":{"line":14,"column":87},"end":{"line":34,"column":1}},"line":14},"1":{"name":"(anonymous_1)","decl":{"start":{"line":40,"column":31},"end":{"line":40,"column":32}},"loc":{"start":{"line":40,"column":84},"end":{"line":48,"column":1}},"line":40},"2":{"name":"(anonymous_2)","decl":{"start":{"line":53,"column":23},"end":{"line":53,"column":24}},"loc":{"start":{"line":53,"column":38},"end":{"line":57,"column":1}},"line":53},"3":{"name":"(anonymous_3)","decl":{"start":{"line":62,"column":29},"end":{"line":62,"column":30}},"loc":{"start":{"line":62,"column":53},"end":{"line":69,"column":1}},"line":62}},"branchMap":{"0":{"loc":{"start":{"line":14,"column":62},"end":{"line":14,"column":80}},"type":"default-arg","locations":[{"start":{"line":14,"column":71},"end":{"line":14,"column":80}}],"line":14},"1":{"loc":{"start":{"line":40,"column":43},"end":{"line":40,"column":79}},"type":"default-arg","locations":[{"start":{"line":40,"column":62},"end":{"line":40,"column":79}}],"line":40},"2":{"loc":{"start":{"line":54,"column":2},"end":{"line":54,"column":19}},"type":"if","locations":[{"start":{"line":54,"column":2},"end":{"line":54,"column":19}},{"start":{},"end":{}}],"line":54}},"s":{"0":2,"1":2,"2":2,"3":2,"4":2,"5":2,"6":0,"7":0,"8":0,"9":0,"10":0,"11":2,"12":0,"13":0,"14":2,"15":0,"16":0,"17":0,"18":0,"19":2,"20":0},"f":{"0":0,"1":0,"2":0,"3":0},"b":{"0":[0],"1":[0],"2":[0,0]},"_coverageSchema":"1a1c01bbd47fc00a2c39e90264f33305004495a9","hash":"e9c07ac7d52c3913ec4b408622a7e4aee943f6ad"}
,"/media/mike/Mike_s files/Software Engineering/AceNursing/backend/utils/secrets.js": {"path":"/media/mike/Mike_s files/Software Engineering/AceNursing/backend/utils/secrets.js","statementMap":{"0":{"start":{"line":1,"column":56},"end":{"line":1,"column":98}},"1":{"start":{"line":12,"column":2},"end":{"line":12,"column":53}},"2":{"start":{"line":12,"column":46},"end":{"line":12,"column":53}},"3":{"start":{"line":14,"column":2},"end":{"line":14,"column":58}},"4":{"start":{"line":15,"column":2},"end":{"line":18,"column":3}},"5":{"start":{"line":16,"column":4},"end":{"line":16,"column":94}},"6":{"start":{"line":17,"column":4},"end":{"line":17,"column":11}},"7":{"start":{"line":20,"column":2},"end":{"line":48,"column":3}},"8":{"start":{"line":21,"column":19},"end":{"line":21,"column":89}},"9":{"start":{"line":22,"column":20},"end":{"line":22,"column":71}},"10":{"start":{"line":23,"column":21},"end":{"line":23,"column":47}},"11":{"start":{"line":25,"column":25},"end":{"line":25,"column":46}},"12":{"start":{"line":26,"column":4},"end":{"line":29,"column":5}},"13":{"start":{"line":27,"column":6},"end":{"line":27,"column":58}},"14":{"start":{"line":28,"column":6},"end":{"line":28,"column":13}},"15":{"start":{"line":31,"column":20},"end":{"line":31,"column":44}},"16":{"start":{"line":32,"column":4},"end":{"line":35,"column":5}},"17":{"start":{"line":33,"column":6},"end":{"line":33,"column":61}},"18":{"start":{"line":34,"column":6},"end":{"line":34,"column":13}},"19":{"start":{"line":37,"column":4},"end":{"line":42,"column":7}},"20":{"start":{"line":39,"column":6},"end":{"line":41,"column":7}},"21":{"start":{"line":40,"column":8},"end":{"line":40,"column":48}},"22":{"start":{"line":44,"column":4},"end":{"line":44,"column":69}},"23":{"start":{"line":46,"column":4},"end":{"line":46,"column":60}},"24":{"start":{"line":47,"column":4},"end":{"line":47,"column":14}},"25":{"start":{"line":51,"column":0},"end":{"line":51,"column":33}}},"fnMap":{"0":{"name":"loadSecrets","decl":{"start":{"line":11,"column":15},"end":{"line":11,"column":26}},"loc":{"start":{"line":11,"column":56},"end":{"line":49,"column":1}},"line":11},"1":{"name":"(anonymous_1)","decl":{"start":{"line":37,"column":33},"end":{"line":37,"column":34}},"loc":{"start":{"line":37,"column":40},"end":{"line":42,"column":5}},"line":37}},"branchMap":{"0":{"loc":{"start":{"line":11,"column":27},"end":{"line":11,"column":54}},"type":"default-arg","locations":[{"start":{"line":11,"column":52},"end":{"line":11,"column":54}}],"line":11},"1":{"loc":{"start":{"line":12,"column":2},"end":{"line":12,"column":53}},"type":"if","locations":[{"start":{"line":12,"column":2},"end":{"line":12,"column":53}},{"start":{},"end":{}}],"line":12},"2":{"loc":{"start":{"line":14,"column":15},"end":{"line":14,"column":57}},"type":"binary-expr","locations":[{"start":{"line":14,"column":15},"end":{"line":14,"column":25}},{"start":{"line":14,"column":29},"end":{"line":14,"column":57}}],"line":14},"3":{"loc":{"start":{"line":15,"column":2},"end":{"line":18,"column":3}},"type":"if","locations":[{"start":{"line":15,"column":2},"end":{"line":18,"column":3}},{"start":{},"end":{}}],"line":15},"4":{"loc":{"start":{"line":21,"column":54},"end":{"line":21,"column":86}},"type":"binary-expr","locations":[{"start":{"line":21,"column":54},"end":{"line":21,"column":60}},{"start":{"line":21,"column":64},"end":{"line":21,"column":86}}],"line":21},"5":{"loc":{"start":{"line":26,"column":4},"end":{"line":29,"column":5}},"type":"if","locations":[{"start":{"line":26,"column":4},"end":{"line":29,"column":5}},{"start":{},"end":{}}],"line":26},"6":{"loc":{"start":{"line":32,"column":4},"end":{"line":35,"column":5}},"type":"if","locations":[{"start":{"line":32,"column":4},"end":{"line":35,"column":5}},{"start":{},"end":{}}],"line":32},"7":{"loc":{"start":{"line":32,"column":8},"end":{"line":32,"column":55}},"type":"binary-expr","locations":[{"start":{"line":32,"column":8},"end":{"line":32,"column":35}},{"start":{"line":32,"column":39},"end":{"line":32,"column":55}}],"line":32},"8":{"loc":{"start":{"line":39,"column":6},"end":{"line":41,"column":7}},"type":"if","locations":[{"start":{"line":39,"column":6},"end":{"line":41,"column":7}},{"start":{},"end":{}}],"line":39}},"s":{"0":2,"1":0,"2":0,"3":0,"4":0,"5":0,"6":0,"7":0,"8":0,"9":0,"10":0,"11":0,"12":0,"13":0,"14":0,"15":0,"16":0,"17":0,"18":0,"19":0,"20":0,"21":0,"22":0,"23":0,"24":0,"25":2},"f":{"0":0,"1":0},"b":{"0":[0],"1":[0,0],"2":[0,0],"3":[0,0],"4":[0,0],"5":[0,0],"6":[0,0],"7":[0,0],"8":[0,0]},"_coverageSchema":"1a1c01bbd47fc00a2c39e90264f33305004495a9","hash":"06e48473ecf914618a2471293f81ddbf859037a9"}
,"/media/mike/Mike_s files/Software Engineering/AceNursing/backend/utils/telemetry.js": {"path":"/media/mike/Mike_s files/Software Engineering/AceNursing/backend/utils/telemetry.js","statementMap":{"0":{"start":{"line":1,"column":20},"end":{"line":1,"column":54}},"1":{"start":{"line":2,"column":40},"end":{"line":2,"column":92}},"2":{"start":{"line":3,"column":30},"end":{"line":3,"column":80}},"3":{"start":{"line":8,"column":2},"end":{"line":10,"column":3}},"4":{"start":{"line":9,"column":4},"end":{"line":9,"column":11}},"5":{"start":{"line":12,"column":19},"end":{"line":22,"column":4}},"6":{"start":{"line":17,"column":27},"end":{"line":17,"column":42}},"7":{"start":{"line":18,"column":12},"end":{"line":18,"column":40}},"8":{"start":{"line":24,"column":2},"end":{"line":27,"column":5}},"9":{"start":{"line":29,"column":2},"end":{"line":34,"column":5}},"10":{"start":{"line":33,"column":4},"end":{"line":33,"column":68}},"11":{"start":{"line":38,"column":2},"end":{"line":38,"column":19}},"12":{"start":{"line":38,"column":12},"end":{"line":38,"column":19}},"13":{"start":{"line":39,"column":2},"end":{"line":39,"column":23}},"14":{"start":{"line":42,"column":0},"end":{"line":42,"column":54}}},"fnMap":{"0":{"name":"initTelemetry","decl":{"start":{"line":7,"column":9},"end":{"line":7,"column":22}},"loc":{"start":{"line":7,"column":25},"end":{"line":35,"column":1}},"line":7},"1":{"name":"(anonymous_1)","decl":{"start":{"line":16,"column":64},"end":{"line":16,"column":65}},"loc":{"start":{"line":16,"column":72},"end":{"line":19,"column":11}},"line":16},"2":{"name":"(anonymous_2)","decl":{"start":{"line":29,"column":20},"end":{"line":29,"column":21}},"loc":{"start":{"line":29,"column":27},"end":{"line":34,"column":3}},"line":29},"3":{"name":"shutdownTelemetry","decl":{"start":{"line":37,"column":15},"end":{"line":37,"column":32}},"loc":{"start":{"line":37,"column":35},"end":{"line":40,"column":1}},"line":37}},"branchMap":{"0":{"loc":{"start":{"line":8,"column":2},"end":{"line":10,"column":3}},"type":"if","locations":[{"start":{"line":8,"column":2},"end":{"line":10,"column":3}},{"start":{},"end":{}}],"line":8},"1":{"loc":{"start":{"line":14,"column":13},"end":{"line":21,"column":17}},"type":"cond-expr","locations":[{"start":{"line":15,"column":8},"end":{"line":20,"column":9}},{"start":{"line":21,"column":8},"end":{"line":21,"column":17}}],"line":14},"2":{"loc":{"start":{"line":38,"column":2},"end":{"line":38,"column":19}},"type":"if","locations":[{"start":{"line":38,"column":2},"end":{"line":38,"column":19}},{"start":{},"end":{}}],"line":38}},"s":{"0":2,"1":2,"2":2,"3":0,"4":0,"5":0,"6":0,"7":0,"8":0,"9":0,"10":0,"11":0,"12":0,"13":0,"14":2},"f":{"0":0,"1":0,"2":0,"3":0},"b":{"0":[0,0],"1":[0,0],"2":[0,0]},"_coverageSchema":"1a1c01bbd47fc00a2c39e90264f33305004495a9","hash":"0b9ed2ae983aece4e583e09a6842616b72e6f9bc"}
}
