TN:
SF:server.js
FN:34,(anonymous_0)
FN:42,loadConfig
FN:57,(anonymous_2)
FN:97,(anonymous_3)
FN:124,(anonymous_4)
FN:134,(anonymous_5)
FN:139,(anonymous_6)
FN:144,(anonymous_7)
FN:170,startServer
FN:180,(anonymous_9)
FN:190,(anonymous_10)
FN:197,(anonymous_11)
FN:202,(anonymous_12)
FNF:13
FNH:3
FNDA:0,(anonymous_0)
FNDA:0,loadConfig
FNDA:3,(anonymous_2)
FNDA:3,(anonymous_3)
FNDA:1,(anonymous_4)
FNDA:0,(anonymous_5)
FNDA:0,(anonymous_6)
FNDA:0,(anonymous_7)
FNDA:0,startServer
FNDA:0,(anonymous_9)
FNDA:0,(anonymous_10)
FNDA:0,(anonymous_11)
FNDA:0,(anonymous_12)
DA:1,2
DA:3,2
DA:4,2
DA:5,2
DA:6,2
DA:7,2
DA:8,2
DA:9,2
DA:10,2
DA:11,2
DA:13,2
DA:14,2
DA:15,2
DA:16,2
DA:18,2
DA:19,2
DA:20,2
DA:21,2
DA:22,2
DA:24,2
DA:25,2
DA:28,2
DA:29,0
DA:33,2
DA:34,0
DA:35,0
DA:36,0
DA:37,0
DA:43,0
DA:44,0
DA:46,0
DA:47,0
DA:52,2
DA:53,2
DA:56,2
DA:57,2
DA:58,3
DA:59,3
DA:61,2
DA:64,2
DA:65,2
DA:66,2
DA:69,2
DA:79,2
DA:85,2
DA:91,2
DA:92,2
DA:97,2
DA:98,3
DA:99,3
DA:100,2
DA:101,2
DA:102,0
DA:104,2
DA:108,2
DA:109,2
DA:110,2
DA:112,2
DA:113,0
DA:117,2
DA:118,2
DA:119,2
DA:120,2
DA:121,2
DA:124,2
DA:125,1
DA:134,2
DA:135,0
DA:139,2
DA:140,0
DA:141,0
DA:143,0
DA:144,0
DA:145,0
DA:147,0
DA:148,0
DA:149,0
DA:151,0
DA:152,0
DA:154,0
DA:155,0
DA:157,0
DA:158,0
DA:161,0
DA:168,2
DA:171,0
DA:174,0
DA:176,0
DA:177,0
DA:178,0
DA:180,0
DA:181,0
DA:184,0
DA:185,0
DA:189,2
DA:190,0
DA:191,0
DA:192,0
DA:197,2
DA:198,0
DA:199,0
DA:202,2
DA:203,0
DA:204,0
DA:205,0
DA:208,2
LF:106
LH:62
BRDA:28,0,0,0
BRDA:28,0,1,2
BRDA:28,1,0,2
BRDA:28,1,1,2
BRDA:33,2,0,0
BRDA:33,2,1,2
BRDA:35,3,0,0
BRDA:35,3,1,0
BRDA:36,4,0,0
BRDA:36,4,1,0
BRDA:65,5,0,2
BRDA:65,5,1,0
BRDA:99,6,0,1
BRDA:99,6,1,2
BRDA:100,7,0,2
BRDA:100,7,1,0
BRDA:101,8,0,0
BRDA:101,8,1,2
BRDA:101,9,0,2
BRDA:101,9,1,0
BRDA:112,10,0,0
BRDA:112,10,1,2
BRDA:143,11,0,0
BRDA:143,11,1,0
BRDA:147,12,0,0
BRDA:147,12,1,0
BRDA:151,13,0,0
BRDA:151,13,1,0
BRDA:154,14,0,0
BRDA:154,14,1,0
BRDA:157,15,0,0
BRDA:157,15,1,0
BRDA:161,16,0,0
BRDA:161,16,1,0
BRDA:162,17,0,0
BRDA:162,17,1,0
BRDA:163,18,0,0
BRDA:163,18,1,0
BRDA:168,19,0,2
BRDA:168,19,1,0
BRDA:189,20,0,0
BRDA:189,20,1,2
BRDA:203,21,0,0
BRDA:203,21,1,0
BRF:44
BRH:13
end_of_record
TN:
SF:config/aws.js
FN:14,(anonymous_0)
FNF:1
FNH:0
FNDA:0,(anonymous_0)
DA:1,2
DA:3,2
DA:11,2
DA:12,2
DA:14,2
DA:15,0
DA:17,2
LF:7
LH:6
BRDA:4,0,0,2
BRDA:4,0,1,0
BRDA:12,1,0,2
BRDA:12,1,1,0
BRF:4
BRH:2
end_of_record
TN:
SF:config/paypal.js
FN:20,getPayPalAccessToken
FN:42,createPayPalOrder
FN:61,(anonymous_2)
FN:93,capturePayPalOrder
FNF:4
FNH:0
FNDA:0,getPayPalAccessToken
FNDA:0,createPayPalOrder
FNDA:0,(anonymous_2)
FNDA:0,capturePayPalOrder
DA:1,2
DA:3,2
DA:9,2
DA:13,2
DA:14,0
DA:21,0
DA:25,0
DA:36,0
DA:43,0
DA:45,0
DA:61,0
DA:80,0
DA:87,0
DA:94,0
DA:96,0
DA:107,0
DA:110,2
LF:17
LH:5
BRDA:9,0,0,0
BRDA:9,0,1,2
BRDA:13,1,0,0
BRDA:13,1,1,2
BRDA:42,2,0,0
BRF:5
BRH:2
end_of_record
TN:
SF:middleware/auth.js
FN:7,(anonymous_0)
FN:42,(anonymous_1)
FN:43,(anonymous_2)
FN:56,(anonymous_3)
FN:75,(anonymous_4)
FNF:5
FNH:2
FNDA:0,(anonymous_0)
FNDA:18,(anonymous_1)
FNDA:0,(anonymous_2)
FNDA:0,(anonymous_3)
FNDA:2,(anonymous_4)
DA:1,2
DA:2,2
DA:7,2
DA:8,0
DA:11,0
DA:12,0
DA:13,0
DA:14,0
DA:17,0
DA:18,0
DA:21,0
DA:23,0
DA:24,0
DA:25,0
DA:28,0
DA:29,0
DA:32,0
DA:33,0
DA:35,0
DA:42,2
DA:43,18
DA:44,0
DA:45,0
DA:49,0
DA:56,2
DA:57,0
DA:59,0
DA:60,0
DA:62,0
DA:63,0
DA:64,0
DA:69,0
DA:75,2
DA:76,2
LF:34
LH:8
BRDA:11,0,0,0
BRDA:11,0,1,0
BRDA:13,1,0,0
BRDA:13,1,1,0
BRDA:17,2,0,0
BRDA:17,2,1,0
BRDA:24,3,0,0
BRDA:24,3,1,0
BRDA:28,4,0,0
BRDA:28,4,1,0
BRDA:44,5,0,0
BRDA:44,5,1,0
BRDA:59,6,0,0
BRDA:59,6,1,0
BRDA:62,7,0,0
BRDA:62,7,1,0
BRDA:77,8,0,2
BRDA:77,8,1,0
BRF:18
BRH:1
end_of_record
TN:
SF:middleware/requestLogger.js
FN:4,requestLogger
FN:10,(anonymous_1)
FNF:2
FNH:2
FNDA:3,requestLogger
FNDA:3,(anonymous_1)
DA:1,2
DA:2,2
DA:5,3
DA:6,3
DA:8,3
DA:10,3
DA:11,3
DA:12,3
DA:13,3
DA:23,3
DA:26,2
LF:11
LH:11
BRDA:18,0,0,3
BRDA:18,0,1,0
BRF:2
BRH:1
end_of_record
TN:
SF:models/Order.js
FN:83,(anonymous_0)
FN:94,(anonymous_1)
FNF:2
FNH:0
FNDA:0,(anonymous_0)
FNDA:0,(anonymous_1)
DA:1,2
DA:2,2
DA:4,2
DA:18,2
DA:77,2
DA:78,2
DA:79,2
DA:80,2
DA:83,2
DA:84,0
DA:85,0
DA:86,0
DA:87,0
DA:88,0
DA:90,0
DA:94,2
DA:95,0
DA:98,2
DA:99,2
LF:19
LH:12
BRDA:84,0,0,0
BRDA:84,0,1,0
BRF:2
BRH:0
end_of_record
TN:
SF:models/Product.js
FN:114,(anonymous_0)
FN:127,(anonymous_1)
FN:138,(anonymous_2)
FN:143,(anonymous_3)
FNF:4
FNH:0
FNDA:0,(anonymous_0)
FNDA:0,(anonymous_1)
FNDA:0,(anonymous_2)
FNDA:0,(anonymous_3)
DA:1,2
DA:2,2
DA:4,2
DA:114,2
DA:115,0
DA:116,0
DA:121,2
DA:122,2
DA:123,2
DA:124,2
DA:127,2
DA:128,0
DA:129,0
DA:130,0
DA:131,0
DA:132,0
DA:134,0
DA:138,2
DA:139,0
DA:140,0
DA:141,0
DA:143,0
DA:144,0
DA:147,2
DA:148,2
LF:25
LH:12
BRDA:115,0,0,0
BRDA:115,0,1,0
BRDA:115,1,0,0
BRDA:115,1,1,0
BRDA:128,2,0,0
BRDA:128,2,1,0
BRDA:131,3,0,0
BRDA:131,3,1,0
BRDA:139,4,0,0
BRDA:139,4,1,0
BRF:10
BRH:0
end_of_record
TN:
SF:models/User.js
FN:76,(anonymous_0)
FN:81,(anonymous_1)
FN:89,(anonymous_2)
FN:93,(anonymous_3)
FN:103,(anonymous_4)
FN:111,(anonymous_5)
FNF:6
FNH:3
FNDA:2,(anonymous_0)
FNDA:2,(anonymous_1)
FNDA:1,(anonymous_2)
FNDA:0,(anonymous_3)
FNDA:0,(anonymous_4)
FNDA:0,(anonymous_5)
DA:1,2
DA:2,2
DA:3,2
DA:5,2
DA:76,2
DA:77,2
DA:81,2
DA:82,2
DA:83,1
DA:84,1
DA:85,1
DA:89,2
DA:90,1
DA:93,2
DA:94,0
DA:95,0
DA:99,0
DA:100,0
DA:103,2
DA:104,0
DA:105,0
DA:106,0
DA:107,0
DA:111,2
DA:112,0
DA:115,2
DA:116,2
LF:27
LH:18
BRDA:82,0,0,1
BRDA:82,0,1,1
BRDA:83,1,0,1
BRDA:83,1,1,0
BRF:4
BRH:3
end_of_record
TN:
SF:routes/auth.js
FN:16,(anonymous_0)
FN:23,(anonymous_1)
FN:44,(anonymous_2)
FN:71,(anonymous_3)
FN:87,(anonymous_4)
FN:97,(anonymous_5)
FN:101,(anonymous_6)
FN:116,(anonymous_7)
FN:138,(anonymous_8)
FN:166,(anonymous_9)
FNF:10
FNH:3
FNDA:2,(anonymous_0)
FNDA:1,(anonymous_1)
FNDA:1,(anonymous_2)
FNDA:0,(anonymous_3)
FNDA:0,(anonymous_4)
FNDA:0,(anonymous_5)
FNDA:0,(anonymous_6)
FNDA:0,(anonymous_7)
FNDA:0,(anonymous_8)
FNDA:0,(anonymous_9)
DA:1,2
DA:2,2
DA:3,2
DA:4,2
DA:5,2
DA:6,2
DA:7,2
DA:9,2
DA:16,2
DA:17,2
DA:18,2
DA:19,2
DA:23,2
DA:24,1
DA:25,1
DA:27,1
DA:28,1
DA:29,0
DA:32,1
DA:35,1
DA:37,1
DA:39,0
DA:44,2
DA:45,1
DA:46,1
DA:48,1
DA:49,0
DA:52,1
DA:53,1
DA:54,0
DA:57,1
DA:58,0
DA:61,1
DA:62,1
DA:64,1
DA:66,0
DA:71,2
DA:72,0
DA:73,0
DA:75,0
DA:76,0
DA:77,0
DA:80,0
DA:82,0
DA:87,2
DA:88,0
DA:89,0
DA:90,0
DA:92,0
DA:97,2
DA:98,0
DA:99,0
DA:100,0
DA:101,0
DA:102,0
DA:105,0
DA:109,0
DA:111,0
DA:116,2
DA:117,0
DA:118,0
DA:119,0
DA:121,0
DA:124,0
DA:125,0
DA:127,0
DA:129,0
DA:131,0
DA:133,0
DA:138,2
DA:139,0
DA:140,0
DA:145,0
DA:150,0
DA:151,0
DA:154,0
DA:155,0
DA:156,0
DA:157,0
DA:159,0
DA:161,0
DA:166,2
DA:167,0
DA:168,0
DA:169,0
DA:171,0
DA:172,0
DA:173,0
DA:175,0
DA:179,2
LF:90
LH:37
BRDA:16,0,0,1
BRDA:28,1,0,0
BRDA:28,1,1,1
BRDA:48,2,0,0
BRDA:48,2,1,1
BRDA:48,3,0,1
BRDA:48,3,1,1
BRDA:53,4,0,0
BRDA:53,4,1,1
BRDA:53,5,0,1
BRDA:53,5,1,1
BRDA:57,6,0,0
BRDA:57,6,1,1
BRDA:76,7,0,0
BRDA:76,7,1,0
BRDA:76,8,0,0
BRDA:76,8,1,0
BRDA:102,9,0,0
BRDA:102,9,1,0
BRDA:119,10,0,0
BRDA:119,10,1,0
BRDA:150,11,0,0
BRDA:150,11,1,0
BRDA:168,12,0,0
BRDA:168,12,1,0
BRF:25
BRH:9
end_of_record
TN:
SF:routes/orders.js
FN:10,(anonymous_0)
FN:42,(anonymous_1)
FN:77,(anonymous_2)
FN:90,(anonymous_3)
FN:94,(anonymous_4)
FNF:5
FNH:0
FNDA:0,(anonymous_0)
FNDA:0,(anonymous_1)
FNDA:0,(anonymous_2)
FNDA:0,(anonymous_3)
FNDA:0,(anonymous_4)
DA:1,2
DA:2,2
DA:3,2
DA:4,2
DA:7,2
DA:10,2
DA:11,0
DA:12,0
DA:13,0
DA:15,0
DA:16,0
DA:17,0
DA:24,0
DA:25,0
DA:35,0
DA:37,0
DA:42,2
DA:43,0
DA:44,0
DA:62,0
DA:72,0
DA:77,2
DA:78,0
DA:79,0
DA:82,0
DA:83,0
DA:85,0
DA:90,2
DA:91,0
DA:92,0
DA:93,0
DA:94,0
DA:96,0
DA:97,0
DA:98,0
DA:100,0
DA:104,2
LF:37
LH:10
BRDA:12,0,0,0
BRDA:12,1,0,0
BRDA:15,2,0,0
BRDA:15,2,1,0
BRDA:16,3,0,0
BRDA:16,3,1,0
BRDA:64,4,0,0
BRDA:64,4,1,0
BRDA:67,5,0,0
BRDA:67,5,1,0
BRDA:68,6,0,0
BRDA:68,6,1,0
BRDA:82,7,0,0
BRDA:82,7,1,0
BRDA:94,8,0,0
BRDA:94,8,1,0
BRDA:97,9,0,0
BRDA:97,9,1,0
BRF:18
BRH:0
end_of_record
TN:
SF:routes/payments.js
FN:14,(anonymous_0)
FN:23,(anonymous_1)
FN:30,(anonymous_2)
FN:31,(anonymous_3)
FN:42,(anonymous_4)
FN:82,(anonymous_5)
FN:134,(anonymous_6)
FN:155,(anonymous_7)
FN:169,(anonymous_8)
FN:169,(anonymous_9)
FN:182,(anonymous_10)
FN:192,(anonymous_11)
FN:205,(anonymous_12)
FN:229,(anonymous_13)
FNF:14
FNH:0
FNDA:0,(anonymous_0)
FNDA:0,(anonymous_1)
FNDA:0,(anonymous_2)
FNDA:0,(anonymous_3)
FNDA:0,(anonymous_4)
FNDA:0,(anonymous_5)
FNDA:0,(anonymous_6)
FNDA:0,(anonymous_7)
FNDA:0,(anonymous_8)
FNDA:0,(anonymous_9)
FNDA:0,(anonymous_10)
FNDA:0,(anonymous_11)
FNDA:0,(anonymous_12)
FNDA:0,(anonymous_13)
DA:1,2
DA:2,2
DA:3,2
DA:4,2
DA:5,2
DA:6,2
DA:7,2
DA:8,2
DA:9,2
DA:10,2
DA:14,2
DA:15,0
DA:16,0
DA:18,0
DA:19,0
DA:23,0
DA:24,0
DA:26,0
DA:27,0
DA:30,0
DA:31,0
DA:32,0
DA:42,0
DA:43,0
DA:46,0
DA:59,0
DA:67,0
DA:68,0
DA:70,0
DA:76,0
DA:82,2
DA:83,0
DA:84,0
DA:86,0
DA:87,0
DA:91,0
DA:92,0
DA:94,0
DA:95,0
DA:99,0
DA:101,0
DA:102,0
DA:103,0
DA:104,0
DA:108,0
DA:109,0
DA:112,0
DA:113,0
DA:114,0
DA:115,0
DA:116,0
DA:117,0
DA:120,0
DA:122,0
DA:123,0
DA:124,0
DA:126,0
DA:127,0
DA:130,0
DA:132,0
DA:133,0
DA:134,0
DA:138,0
DA:146,0
DA:152,0
DA:153,0
DA:155,0
DA:165,0
DA:168,0
DA:169,0
DA:171,0
DA:173,0
DA:182,0
DA:186,0
DA:192,2
DA:193,0
DA:194,0
DA:196,0
DA:201,0
DA:202,0
DA:205,0
DA:206,0
DA:209,0
DA:211,0
DA:212,0
DA:215,0
DA:216,0
DA:217,0
DA:221,0
DA:222,0
DA:224,0
DA:229,2
DA:230,0
DA:231,0
DA:236,0
DA:238,0
DA:242,2
LF:97
LH:15
BRDA:18,0,0,0
BRDA:18,0,1,0
BRDA:26,1,0,0
BRDA:26,1,1,0
BRDA:36,2,0,0
BRDA:36,2,1,0
BRDA:86,3,0,0
BRDA:86,3,1,0
BRDA:86,4,0,0
BRDA:86,4,1,0
BRDA:92,5,0,0
BRDA:92,5,1,0
BRDA:94,6,0,0
BRDA:94,6,1,0
BRDA:101,7,0,0
BRDA:101,7,1,0
BRDA:132,8,0,0
BRDA:132,8,1,0
BRDA:146,9,0,0
BRDA:146,9,1,0
BRDA:152,10,0,0
BRDA:152,10,1,0
BRDA:156,11,0,0
BRDA:156,11,1,0
BRDA:201,12,0,0
BRDA:201,12,1,0
BRDA:206,13,0,0
BRDA:206,13,1,0
BRDA:209,14,0,0
BRDA:209,14,1,0
BRDA:211,15,0,0
BRDA:211,15,1,0
BRDA:216,16,0,0
BRDA:216,16,1,0
BRF:34
BRH:0
end_of_record
TN:
SF:routes/products.js
FN:7,(anonymous_0)
FN:20,(anonymous_1)
FN:84,(anonymous_2)
FN:98,(anonymous_3)
FN:117,(anonymous_4)
FN:130,(anonymous_5)
FN:134,(anonymous_6)
FN:150,(anonymous_7)
FN:161,(anonymous_8)
FN:172,(anonymous_9)
FNF:10
FNH:0
FNDA:0,(anonymous_0)
FNDA:0,(anonymous_1)
FNDA:0,(anonymous_2)
FNDA:0,(anonymous_3)
FNDA:0,(anonymous_4)
FNDA:0,(anonymous_5)
FNDA:0,(anonymous_6)
FNDA:0,(anonymous_7)
FNDA:0,(anonymous_8)
FNDA:0,(anonymous_9)
DA:1,2
DA:2,2
DA:3,2
DA:4,2
DA:7,2
DA:8,0
DA:9,0
DA:13,0
DA:15,0
DA:20,2
DA:21,0
DA:31,0
DA:33,0
DA:35,0
DA:36,0
DA:37,0
DA:38,0
DA:39,0
DA:40,0
DA:42,0
DA:43,0
DA:47,0
DA:55,0
DA:57,0
DA:59,0
DA:69,0
DA:79,0
DA:84,2
DA:85,0
DA:86,0
DA:91,0
DA:93,0
DA:98,2
DA:99,0
DA:100,0
DA:108,0
DA:110,0
DA:112,0
DA:117,2
DA:118,0
DA:119,0
DA:123,0
DA:125,0
DA:130,2
DA:131,0
DA:132,0
DA:133,0
DA:134,0
DA:137,0
DA:141,0
DA:143,0
DA:145,0
DA:150,2
DA:151,0
DA:152,0
DA:153,0
DA:154,0
DA:156,0
DA:161,2
DA:162,0
DA:163,0
DA:164,0
DA:165,0
DA:168,0
DA:169,0
DA:171,0
DA:172,0
DA:174,0
DA:175,0
DA:178,0
DA:184,0
DA:185,0
DA:187,0
DA:189,0
DA:193,2
LF:75
LH:13
BRDA:23,0,0,0
BRDA:24,1,0,0
BRDA:27,2,0,0
BRDA:35,3,0,0
BRDA:35,3,1,0
BRDA:35,4,0,0
BRDA:35,4,1,0
BRDA:36,5,0,0
BRDA:36,5,1,0
BRDA:37,6,0,0
BRDA:37,6,1,0
BRDA:37,7,0,0
BRDA:37,7,1,0
BRDA:39,8,0,0
BRDA:39,8,1,0
BRDA:40,9,0,0
BRDA:40,9,1,0
BRDA:42,10,0,0
BRDA:42,10,1,0
BRDA:55,11,0,0
BRDA:55,11,1,0
BRDA:102,12,0,0
BRDA:102,12,1,0
BRDA:108,13,0,0
BRDA:108,13,1,0
BRDA:141,14,0,0
BRDA:141,14,1,0
BRDA:153,15,0,0
BRDA:153,15,1,0
BRDA:164,16,0,0
BRDA:164,16,1,0
BRDA:164,17,0,0
BRDA:164,17,1,0
BRDA:164,17,2,0
BRDA:169,18,0,0
BRDA:169,18,1,0
BRDA:174,19,0,0
BRDA:174,19,1,0
BRF:38
BRH:0
end_of_record
TN:
SF:routes/upload.js
FN:11,(anonymous_0)
FN:11,(anonymous_1)
FN:48,(anonymous_2)
FN:94,(anonymous_3)
FN:138,(anonymous_4)
FN:197,(anonymous_5)
FNF:6
FNH:1
FNDA:4,(anonymous_0)
FNDA:0,(anonymous_1)
FNDA:0,(anonymous_2)
FNDA:0,(anonymous_3)
FNDA:0,(anonymous_4)
FNDA:0,(anonymous_5)
DA:1,2
DA:2,2
DA:3,2
DA:4,2
DA:5,2
DA:6,2
DA:9,2
DA:11,4
DA:12,0
DA:13,0
DA:15,0
DA:19,2
DA:36,2
DA:43,2
DA:49,0
DA:50,0
DA:52,0
DA:54,0
DA:62,0
DA:63,0
DA:64,0
DA:66,0
DA:67,0
DA:69,0
DA:74,0
DA:78,0
DA:83,0
DA:89,2
DA:95,0
DA:96,0
DA:98,0
DA:100,0
DA:108,0
DA:109,0
DA:110,0
DA:111,0
DA:112,0
DA:114,0
DA:115,0
DA:119,0
DA:124,0
DA:130,2
DA:139,0
DA:140,0
DA:142,0
DA:143,0
DA:147,0
DA:160,0
DA:161,0
DA:162,0
DA:168,0
DA:176,0
DA:177,0
DA:178,0
DA:184,0
DA:187,0
DA:189,0
DA:191,0
DA:197,2
DA:198,0
DA:199,0
DA:200,0
DA:201,0
DA:202,0
DA:204,0
DA:208,2
LF:66
LH:15
BRDA:12,0,0,0
BRDA:12,0,1,0
BRDA:50,1,0,0
BRDA:50,1,1,0
BRDA:62,2,0,0
BRDA:62,2,1,0
BRDA:64,3,0,0
BRDA:64,3,1,0
BRDA:66,4,0,0
BRDA:66,4,1,0
BRDA:96,5,0,0
BRDA:96,5,1,0
BRDA:108,6,0,0
BRDA:108,6,1,0
BRDA:110,7,0,0
BRDA:110,7,1,0
BRDA:111,8,0,0
BRDA:111,8,1,0
BRDA:142,9,0,0
BRDA:142,9,1,0
BRDA:142,10,0,0
BRDA:142,10,1,0
BRDA:151,11,0,0
BRDA:151,11,1,0
BRDA:152,12,0,0
BRDA:152,12,1,0
BRDA:154,13,0,0
BRDA:154,13,1,0
BRDA:155,14,0,0
BRDA:155,14,1,0
BRDA:160,15,0,0
BRDA:160,15,1,0
BRDA:176,16,0,0
BRDA:176,16,1,0
BRDA:200,17,0,0
BRDA:200,17,1,0
BRF:36
BRH:0
end_of_record
TN:
SF:utils/email.js
FN:4,(anonymous_0)
FN:12,(anonymous_1)
FN:68,(anonymous_2)
FN:71,(anonymous_3)
FN:85,(anonymous_4)
FN:131,(anonymous_5)
FN:151,(anonymous_6)
FN:174,(anonymous_7)
FN:182,(anonymous_8)
FNF:9
FNH:3
FNDA:1,(anonymous_0)
FNDA:1,(anonymous_1)
FNDA:0,(anonymous_2)
FNDA:0,(anonymous_3)
FNDA:0,(anonymous_4)
FNDA:1,(anonymous_5)
FNDA:0,(anonymous_6)
FNDA:0,(anonymous_7)
FNDA:0,(anonymous_8)
DA:1,2
DA:4,2
DA:5,1
DA:6,1
DA:9,2
DA:12,2
DA:68,2
DA:69,0
DA:71,0
DA:83,0
DA:85,0
DA:94,0
DA:122,0
DA:131,2
DA:132,1
DA:142,1
DA:151,2
DA:152,0
DA:165,0
DA:174,2
DA:175,0
DA:177,0
DA:182,0
DA:188,0
LF:24
LH:12
BRDA:5,0,0,1
BRDA:5,0,1,0
BRDA:9,1,0,2
BRDA:9,1,1,0
BRDA:9,2,0,2
BRDA:9,2,1,0
BRDA:73,3,0,0
BRDA:73,3,1,0
BRDA:100,4,0,0
BRDA:100,4,1,0
BRDA:175,5,0,0
BRDA:175,5,1,0
BRF:12
BRH:3
end_of_record
TN:
SF:utils/logger.js
FN:20,(anonymous_0)
FN:53,childLogger
FNF:2
FNH:2
FNDA:6,(anonymous_0)
FNDA:3,childLogger
DA:1,2
DA:2,2
DA:3,2
DA:4,2
DA:6,2
DA:8,2
DA:9,0
DA:12,2
DA:14,2
DA:21,6
DA:22,6
DA:54,3
DA:55,3
DA:58,2
LF:14
LH:13
BRDA:6,0,0,2
BRDA:6,0,1,2
BRDA:8,1,0,0
BRDA:8,1,1,2
BRDA:15,2,0,2
BRDA:15,2,1,2
BRDA:15,3,0,0
BRDA:15,3,1,2
BRDA:21,4,0,6
BRDA:21,4,1,0
BRDA:22,5,0,0
BRDA:22,5,1,6
BRDA:22,6,0,6
BRDA:22,6,1,0
BRDA:30,7,0,0
BRDA:30,7,1,2
BRDA:54,8,0,0
BRDA:54,8,1,3
BRDA:54,9,0,3
BRDA:54,9,1,3
BRF:20
BRH:13
end_of_record
TN:
SF:utils/s3.js
FN:14,(anonymous_0)
FN:40,(anonymous_1)
FN:53,(anonymous_2)
FN:62,(anonymous_3)
FNF:4
FNH:0
FNDA:0,(anonymous_0)
FNDA:0,(anonymous_1)
FNDA:0,(anonymous_2)
FNDA:0,(anonymous_3)
DA:5,2
DA:6,2
DA:7,2
DA:8,2
DA:9,2
DA:14,2
DA:15,0
DA:16,0
DA:18,0
DA:26,0
DA:28,0
DA:40,2
DA:41,0
DA:47,0
DA:53,2
DA:54,0
DA:55,0
DA:56,0
DA:62,2
DA:63,0
LF:20
LH:9
BRDA:14,0,0,0
BRDA:40,1,0,0
BRDA:54,2,0,0
BRDA:54,2,1,0
BRF:4
BRH:0
end_of_record
TN:
SF:utils/secrets.js
FN:11,loadSecrets
FN:37,(anonymous_1)
FNF:2
FNH:0
FNDA:0,loadSecrets
FNDA:0,(anonymous_1)
DA:1,2
DA:12,0
DA:14,0
DA:15,0
DA:16,0
DA:17,0
DA:20,0
DA:21,0
DA:22,0
DA:23,0
DA:25,0
DA:26,0
DA:27,0
DA:28,0
DA:31,0
DA:32,0
DA:33,0
DA:34,0
DA:37,0
DA:39,0
DA:40,0
DA:44,0
DA:46,0
DA:47,0
DA:51,2
LF:25
LH:2
BRDA:11,0,0,0
BRDA:12,1,0,0
BRDA:12,1,1,0
BRDA:14,2,0,0
BRDA:14,2,1,0
BRDA:15,3,0,0
BRDA:15,3,1,0
BRDA:21,4,0,0
BRDA:21,4,1,0
BRDA:26,5,0,0
BRDA:26,5,1,0
BRDA:32,6,0,0
BRDA:32,6,1,0
BRDA:32,7,0,0
BRDA:32,7,1,0
BRDA:39,8,0,0
BRDA:39,8,1,0
BRF:17
BRH:0
end_of_record
TN:
SF:utils/telemetry.js
FN:7,initTelemetry
FN:16,(anonymous_1)
FN:29,(anonymous_2)
FN:37,shutdownTelemetry
FNF:4
FNH:0
FNDA:0,initTelemetry
FNDA:0,(anonymous_1)
FNDA:0,(anonymous_2)
FNDA:0,shutdownTelemetry
DA:1,2
DA:2,2
DA:3,2
DA:8,0
DA:9,0
DA:12,0
DA:17,0
DA:18,0
DA:24,0
DA:29,0
DA:33,0
DA:38,0
DA:39,0
DA:42,2
LF:14
LH:4
BRDA:8,0,0,0
BRDA:8,0,1,0
BRDA:14,1,0,0
BRDA:14,1,1,0
BRDA:38,2,0,0
BRDA:38,2,1,0
BRF:6
BRH:0
end_of_record
